 **** 15 gHS*      gHS                 gH2S2                                                0.00000E+00 0    0.00000E+00
 **** 15 gSO2*     gO                  gSO3                                                 0.00000E+00 0    0.00000E+00
 **** 15 gSO2      gO*                 gSO3                                                 0.00000E+00 0    0.00000E+00
 **** 13 gO        gO                  gO2*                                                 0.00000E+00 0    0.00000E+00
 **** 15 gO*       gO                  gO        gO                                         0.00000E+00 0    0.00000E+00
 **** 16 bO*       bO                  bO        bO                                         0.00000E+00 0    0.00000E+00
 **** 16 bO*       bO                  bO2*                                                 0.00000E+00 0    0.00000E+00
 **** 15 gO*       gO                  gO2*                                                 0.00000E+00 0    0.00000E+00
 **** 15 gO*       gO2                 gO3*                                                 0.00000E+00 0    0.00000E+00
 **** 16 bO*       bO2                 bO3*                                                 0.00000E+00 0    0.00000E+00
 **** 15 gO*       gO2                 gO        gO2                                        0.00000E+00 0    0.00000E+00
 **** 16 bO*       bO2                 bO        bO2                                        0.00000E+00 0    0.00000E+00
 **** 13 gO        gO3                 gO2       gO2                                        0.00000E+00 0    2.40000E+03
 **** 14 bO        bO3                 bO2       bO2                                        0.00000E+00 0    2.40000E+03
 **** 15 gO*       gO3                 gO2       gO2                                        0.00000E+00 0    0.00000E+00
 **** 16 bO*       bO3                 bO2       bO2                                        0.00000E+00 0    0.00000E+00
 **** 15 gO2*      gO                  gO3*                                                 0.00000E+00 0    0.00000E+00
 **** 16 bO2*      bO                  bO3*                                                 0.00000E+00 0    0.00000E+00
 **** 15 gO2*      gO                  gO2       gO                                         0.00000E+00 0    0.00000E+00
 **** 16 bO2*      bO                  bO2       bO                                         0.00000E+00 0    0.00000E+00
 **** 15 gO2*      gO2                 gO2       gO2                                        0.00000E+00 0    0.00000E+00
 **** 16 bO2*      bO2                 bO2       bO2                                        0.00000E+00 0    0.00000E+00
 **** 15 gO2*      gO3                 gO2       gO2       gO                               0.00000E+00 0    0.00000E+00
 **** 16 bO2*      bO3                 bO2       bO2       bO                               0.00000E+00 0    0.00000E+00
 **** 15 gO*       gO*                 gO        gO                                         0.00000E+00 0    0.00000E+00
 **** 16 bO*       bO*                 bO        bO                                         0.00000E+00 0    0.00000E+00
 **** 16 bO*       bO                  bO2*                                                 0.00000E+00 0    0.00000E+00
 **** 15 gO*       gO                  gO2*                                                 0.00000E+00 0    0.00000E+00
 **** 15 gO*       gO2*                gO3*                                                 0.00000E+00 0    0.00000E+00
 **** 16 bO*       bO2*                bO3*                                                 0.00000E+00 0    0.00000E+00
 **** 15 gO*       gO2*                gO        gO2                                        0.00000E+00 0    0.00000E+00
 **** 16 bO*       bO2*                bO        bO2                                        0.00000E+00 0    0.00000E+00
 **** 15 gO*       gO3*                gO2       gO2                                        0.00000E+00 0    0.00000E+00
 **** 16 bO*       bO3*                bO2       bO2                                        0.00000E+00 0    0.00000E+00
 **** 15 gO2*      gO2*                gO2       gO2                                        0.00000E+00 0    0.00000E+00
 **** 16 bO2*      bO2*                bO2       bO2                                        0.00000E+00 0    0.00000E+00
 **** 15 gO2*      gO3*                gO2       gO2       gO                               0.00000E+00 0    0.00000E+00
 **** 16 bO2*      bO3*                bO2       bO2       bO                               0.00000E+00 0    0.00000E+00
 **** 15 gO3*      gO3*                gO2       gO2       gO2                              0.00000E+00 0    0.00000E+00
 **** 16 bO3*      bO3*                bO2       bO2       bO2                              0.00000E+00 0    0.00000E+00
 **** 15 gO        gO3*                gO2       gO2                                        0.00000E+00 0    0.00000E+00
 **** 16 bO        bO3*                bO2       bO2                                        0.00000E+00 0    0.00000E+00
 **** 15 gO2       gO3*                gO2       gO2       gO                               0.00000E+00 0    0.00000E+00
 **** 16 bO2       bO3*                bO2       bO2       bO                               0.00000E+00 0    0.00000E+00
 **** 14 bO        bO2                 bO3*                                                 0.00000E+00 0    1.90000E+02
 **** 13 gO        gO2                 gO3*                                                 0.00000E+00 0    1.90000E+02
