 **** gC*       QUENCH              gC                                                0.10E+01  1.00      1.0
 **** gC10*     QUENCH              gC10                                              0.10E+01  1.00      1.0
 **** gC2*      QUENCH              gC2                                               0.10E+01  1.00      1.0
 **** gC2H*     QUENCH              gC2H                                              0.10E+01  1.00      1.0
 **** gC2N*     QUENCH              gC2N                                              0.10E+01  1.00      1.0
 **** gC2NCH*   QUENCH              gC2NCH                                            0.10E+01  1.00      1.0
 **** gC2O*     QUENCH              gC2O                                              0.10E+01  1.00      1.0
 **** gC2S*     QUENCH              gC2S                                              0.10E+01  1.00      1.0
 **** gC3*      QUENCH              gC3                                               0.10E+01  1.00      1.0
 **** gC3H*     QUENCH              gC3H                                              0.10E+01  1.00      1.0
 **** gC3H2*    QUENCH              gC3H2                                             0.10E+01  1.00      1.0
 **** gC3H3*    QUENCH              gC3H3                                             0.10E+01  1.00      1.0
 **** gC3H3N*   QUENCH              gC3H3N                                            0.10E+01  1.00      1.0
 **** gC3H4*    QUENCH              gC3H4                                             0.10E+01  1.00      1.0
 **** gC3H5*    QUENCH              gC3H5                                             0.10E+01  1.00      1.0
 **** gC3H6*    QUENCH              gC3H6                                             0.10E+01  1.00      1.0
 **** gC3H7*    QUENCH              gC3H7                                             0.10E+01  1.00      1.0
 **** gC3H8*    QUENCH              gC3H8                                             0.10E+01  1.00      1.0
 **** gC3N*     QUENCH              gC3N                                              0.10E+01  1.00      1.0
 **** gC3O*     QUENCH              gC3O                                              0.10E+01  1.00      1.0
 **** gC3P*     QUENCH              gC3P                                              0.10E+01  1.00      1.0
 **** gC3S*     QUENCH              gC3S                                              0.10E+01  1.00      1.0
 **** gC4*      QUENCH              gC4                                               0.10E+01  1.00      1.0
 **** gC4H*     QUENCH              gC4H                                              0.10E+01  1.00      1.0
 **** gC4H3*    QUENCH              gC4H3                                             0.10E+01  1.00      1.0
 **** gC4H4*    QUENCH              gC4H4                                             0.10E+01  1.00      1.0
 **** gC4H5*    QUENCH              gC4H5                                             0.10E+01  1.00      1.0
 **** gC4H6*    QUENCH              gC4H6                                             0.10E+01  1.00      1.0
 **** gC4N*     QUENCH              gC4N                                              0.10E+01  1.00      1.0
 **** gC4P*     QUENCH              gC4P                                              0.10E+01  1.00      1.0
 **** gC4S*     QUENCH              gC4S                                              0.10E+01  1.00      1.0
 **** gC5*      QUENCH              gC5                                               0.10E+01  1.00      1.0
 **** gC5H*     QUENCH              gC5H                                              0.10E+01  1.00      1.0
 **** gC5H2*    QUENCH              gC5H2                                             0.10E+01  1.00      1.0
 **** gC5H3*    QUENCH              gC5H3                                             0.10E+01  1.00      1.0
 **** gC5H4*    QUENCH              gC5H4                                             0.10E+01  1.00      1.0
 **** gC5N*     QUENCH              gC5N                                              0.10E+01  1.00      1.0
 **** gC5S*     QUENCH              gC5S                                              0.10E+01  1.00      1.0
 **** gC6*      QUENCH              gC6                                               0.10E+01  1.00      1.0
 **** gC6H*     QUENCH              gC6H                                              0.10E+01  1.00      1.0
 **** gC6H2*    QUENCH              gC6H2                                             0.10E+01  1.00      1.0
 **** gC6H3*    QUENCH              gC6H3                                             0.10E+01  1.00      1.0
 **** gC6H4*    QUENCH              gC6H4                                             0.10E+01  1.00      1.0
 **** gC6H6*    QUENCH              gC6H6                                             0.10E+01  1.00      1.0
 **** gC7*      QUENCH              gC7                                               0.10E+01  1.00      1.0
 **** gC7H*     QUENCH              gC7H                                              0.10E+01  1.00      1.0
 **** gC7H2*    QUENCH              gC7H2                                             0.10E+01  1.00      1.0
 **** gC7H3*    QUENCH              gC7H3                                             0.10E+01  1.00      1.0
 **** gC7H4*    QUENCH              gC7H4                                             0.10E+01  1.00      1.0
 **** gC7N*     QUENCH              gC7N                                              0.10E+01  1.00      1.0
 **** gC8*      QUENCH              gC8                                               0.10E+01  1.00      1.0
 **** gC8H*     QUENCH              gC8H                                              0.10E+01  1.00      1.0
 **** gC8H2*    QUENCH              gC8H2                                             0.10E+01  1.00      1.0
 **** gC8H3*    QUENCH              gC8H3                                             0.10E+01  1.00      1.0
 **** gC8H4*    QUENCH              gC8H4                                             0.10E+01  1.00      1.0
 **** gC9*      QUENCH              gC9                                               0.10E+01  1.00      1.0
 **** gC9H*     QUENCH              gC9H                                              0.10E+01  1.00      1.0
 **** gC9H2*    QUENCH              gC9H2                                             0.10E+01  1.00      1.0
 **** gC9H3*    QUENCH              gC9H3                                             0.10E+01  1.00      1.0
 **** gC9H4*    QUENCH              gC9H4                                             0.10E+01  1.00      1.0
 **** gC9N*     QUENCH              gC9N                                              0.10E+01  1.00      1.0
 **** gCCP*     QUENCH              gCCP                                              0.10E+01  1.00      1.0
 **** gCH*      QUENCH              gCH                                               0.10E+01  1.00      1.0
 **** gCH2*     QUENCH              gCH2                                              0.10E+01  1.00      1.0
 **** gCH2CO*   QUENCH              gCH2CO                                            0.10E+01  1.00      1.0
 **** gCH2NH*   QUENCH              gCH2NH                                            0.10E+01  1.00      1.0
 **** gCH2NH2*  QUENCH              gCH2NH2                                           0.10E+01  1.00      1.0
 **** gCH2OH*   QUENCH              gCH2OH                                            0.10E+01  1.00      1.0
 **** gCH2PH*   QUENCH              gCH2PH                                            0.10E+01  1.00      1.0
 **** gCH2SH*   QUENCH              gCH2SH                                            0.10E+01  1.00      1.0
 **** gCH3*     QUENCH              gCH3                                              0.10E+01  1.00      1.0
 **** gCH3C3N*  QUENCH              gCH3C3N                                           0.10E+01  1.00      1.0
 **** gCH3C4H*  QUENCH              gCH3C4H                                           0.10E+01  1.00      1.0
 **** gCH3C5N*  QUENCH              gCH3C5N                                           0.10E+01  1.00      1.0
 **** gCH3C6H*  QUENCH              gCH3C6H                                           0.10E+01  1.00      1.0
 **** gCH3C7N*  QUENCH              gCH3C7N                                           0.10E+01  1.00      1.0
 **** gCH3CH2*  QUENCH              gCH3CH2                                           0.10E+01  1.00      1.0
 **** gCH3CH3*  QUENCH              gCH3CH3                                           0.10E+01  1.00      1.0
 **** gCH3CHO*  QUENCH              gCH3CHO                                           0.10E+01  1.00      1.0
 **** gCH3CN*   QUENCH              gCH3CN                                            0.10E+01  1.00      1.0
 **** gCH3CO*   QUENCH              gCH3CO                                            0.10E+01  1.00      1.0
 **** gCH3CONH* QUENCH              gCH3CONH                                          0.10E+01  1.00      1.0
 **** gCH3COOH* QUENCH              gCH3COOH                                          0.10E+01  1.00      1.0
 **** gCH3NH*   QUENCH              gCH3NH                                            0.10E+01  1.00      1.0
 **** gCH3NH2*  QUENCH              gCH3NH2                                           0.10E+01  1.00      1.0
 **** gCH3O*    QUENCH              gCH3O                                             0.10E+01  1.00      1.0
 **** gCH3OCH3* QUENCH              gCH3OCH3                                          0.10E+01  1.00      1.0
 **** gCH3OCO*  QUENCH              gCH3OCO                                           0.10E+01  1.00      1.0
 **** gCH3OH*   QUENCH              gCH3OH                                            0.10E+01  1.00      1.0
 **** gCH3ONH*  QUENCH              gCH3ONH                                           0.10E+01  1.00      1.0
 **** gCH3OOH*  QUENCH              gCH3OOH                                           0.10E+01  1.00      1.0
 **** gCH3S*    QUENCH              gCH3S                                             0.10E+01  1.00      1.0
 **** gCH3SH*   QUENCH              gCH3SH                                            0.10E+01  1.00      1.0
 **** gCH4*     QUENCH              gCH4                                              0.10E+01  1.00      1.0
 **** gCHOCHO*  QUENCH              gCHOCHO                                           0.10E+01  1.00      1.0
 **** gCN*      QUENCH              gCN                                               0.10E+01  1.00      1.0
 **** gCNH2*    QUENCH              gCNH2                                             0.10E+01  1.00      1.0
 **** gCO*      QUENCH              gCO                                               0.10E+01  1.00      1.0
 **** gCO2*     QUENCH              gCO2                                              0.10E+01  1.00      1.0
 **** gCOCHO*   QUENCH              gCOCHO                                            0.10E+01  1.00      1.0
 **** gCOOH*    QUENCH              gCOOH                                             0.10E+01  1.00      1.0
 **** gCP*      QUENCH              gCP                                               0.10E+01  1.00      1.0
 **** gCS*      QUENCH              gCS                                               0.10E+01  1.00      1.0
 **** gCS2*     QUENCH              gCS2                                              0.10E+01  1.00      1.0
 **** gCS3*     QUENCH              gCS3                                              0.10E+01  1.00      1.0
 **** gCSSH*    QUENCH              gCSSH                                             0.10E+01  1.00      1.0
 **** gCl*      QUENCH              gCl                                               0.10E+01  1.00      1.0
 **** gClC*     QUENCH              gClC                                              0.10E+01  1.00      1.0
 **** gClH*     QUENCH              gClH                                              0.10E+01  1.00      1.0
 **** gClO*     QUENCH              gClO                                              0.10E+01  1.00      1.0
 **** gFe*      QUENCH              gFe                                               0.10E+01  1.00      1.0
 **** gFeH*     QUENCH              gFeH                                              0.10E+01  1.00      1.0
 **** gFeS*     QUENCH              gFeS                                              0.10E+01  1.00      1.0
 **** gH*       QUENCH              gH                                                0.10E+01  1.00      1.0
 **** gH2*      QUENCH              gH2                                               0.10E+01  1.00      1.0
 **** gH2C2H*   QUENCH              gH2C2H                                            0.10E+01  1.00      1.0
 **** gH2C2H2*  QUENCH              gH2C2H2                                           0.10E+01  1.00      1.0
 **** gH2C2N*   QUENCH              gH2C2N                                            0.10E+01  1.00      1.0
 **** gH2C5N*   QUENCH              gH2C5N                                            0.10E+01  1.00      1.0
 **** gH2C7N*   QUENCH              gH2C7N                                            0.10E+01  1.00      1.0
 **** gH2C9N*   QUENCH              gH2C9N                                            0.10E+01  1.00      1.0
 **** gH2CN*    QUENCH              gH2CN                                             0.10E+01  1.00      1.0
 **** gH2CO*    QUENCH              gH2CO                                             0.10E+01  1.00      1.0
 **** gH2CS*    QUENCH              gH2CS                                             0.10E+01  1.00      1.0
 **** gH2O*     QUENCH              gH2O                                              0.10E+01  1.00      1.0
 **** gH2O2*    QUENCH              gH2O2                                             0.10E+01  1.00      1.0
 **** gH2S*     QUENCH              gH2S                                              0.10E+01  1.00      1.0
 **** gH2S2*    QUENCH              gH2S2                                             0.10E+01  1.00      1.0
 **** gH2SO4*   QUENCH              gH2SO4                                            0.10E+01  1.00      1.0
 **** gH2SiO*   QUENCH              gH2SiO                                            0.10E+01  1.00      1.0
 **** gH3C5N*   QUENCH              gH3C5N                                            0.10E+01  1.00      1.0
 **** gH3C7N*   QUENCH              gH3C7N                                            0.10E+01  1.00      1.0
 **** gH3C9N*   QUENCH              gH3C9N                                            0.10E+01  1.00      1.0
 **** gH4C3N*   QUENCH              gH4C3N                                            0.10E+01  1.00      1.0
 **** gH5C3N*   QUENCH              gH5C3N                                            0.10E+01  1.00      1.0
 **** gHC2H*    QUENCH              gHC2H                                             0.10E+01  1.00      1.0
 **** gHC2N*    QUENCH              gHC2N                                             0.10E+01  1.00      1.0
 **** gHC2NC*   QUENCH              gHC2NC                                            0.10E+01  1.00      1.0
 **** gHC2O*    QUENCH              gHC2O                                             0.10E+01  1.00      1.0
 **** gHC2S*    QUENCH              gHC2S                                             0.10E+01  1.00      1.0
 **** gHC3N*    QUENCH              gHC3N                                             0.10E+01  1.00      1.0
 **** gHC3NH*   QUENCH              gHC3NH                                            0.10E+01  1.00      1.0
 **** gHC3O*    QUENCH              gHC3O                                             0.10E+01  1.00      1.0
 **** gHC3S*    QUENCH              gHC3S                                             0.10E+01  1.00      1.0
 **** gHC4H*    QUENCH              gHC4H                                             0.10E+01  1.00      1.0
 **** gHC5N*    QUENCH              gHC5N                                             0.10E+01  1.00      1.0
 **** gHC7N*    QUENCH              gHC7N                                             0.10E+01  1.00      1.0
 **** gHC9N*    QUENCH              gHC9N                                             0.10E+01  1.00      1.0
 **** gHCCP*    QUENCH              gHCCP                                             0.10E+01  1.00      1.0
 **** gHCN*     QUENCH              gHCN                                              0.10E+01  1.00      1.0
 **** gHCNH*    QUENCH              gHCNH                                             0.10E+01  1.00      1.0
 **** gHCNS*    QUENCH              gHCNS                                             0.10E+01  1.00      1.0
 **** gHCO*     QUENCH              gHCO                                              0.10E+01  1.00      1.0
 **** gHCOCOOH* QUENCH              gHCOCOOH                                          0.10E+01  1.00      1.0
 **** gHCOH*    QUENCH              gHCOH                                             0.10E+01  1.00      1.0
 **** gHCOOCH3* QUENCH              gHCOOCH3                                          0.10E+01  1.00      1.0
 **** gHCOOH*   QUENCH              gHCOOH                                            0.10E+01  1.00      1.0
 **** gHCOSH*   QUENCH              gHCOSH                                            0.10E+01  1.00      1.0
 **** gHCP*     QUENCH              gHCP                                              0.10E+01  1.00      1.0
 **** gHCS*     QUENCH              gHCS                                              0.10E+01  1.00      1.0
 **** gHCSSH*   QUENCH              gHCSSH                                            0.10E+01  1.00      1.0
 **** gHNC*     QUENCH              gHNC                                              0.10E+01  1.00      1.0
 **** gHNC3*    QUENCH              gHNC3                                             0.10E+01  1.00      1.0
 **** gHNCH2OH* QUENCH              gHNCH2OH                                          0.10E+01  1.00      1.0
 **** gHNCHO*   QUENCH              gHNCHO                                            0.10E+01  1.00      1.0
 **** gHNCO*    QUENCH              gHNCO                                             0.10E+01  1.00      1.0
 **** gHNCOCHO* QUENCH              gHNCOCHO                                          0.10E+01  1.00      1.0
 **** gHNCONH*  QUENCH              gHNCONH                                           0.10E+01  1.00      1.0
 **** gHNCOOH*  QUENCH              gHNCOOH                                           0.10E+01  1.00      1.0
 **** gHNCS*    QUENCH              gHNCS                                             0.10E+01  1.00      1.0
 **** gHNO*     QUENCH              gHNO                                              0.10E+01  1.00      1.0
 **** gHNOH*    QUENCH              gHNOH                                             0.10E+01  1.00      1.0
 **** gHNSi*    QUENCH              gHNSi                                             0.10E+01  1.00      1.0
 **** gHO2*     QUENCH              gHO2                                              0.10E+01  1.00      1.0
 **** gHOC*     QUENCH              gHOC                                              0.10E+01  1.00      1.0
 **** gHOCH2CO* QUENCH              gHOCH2CO                                          0.10E+01  1.00      1.0
 **** gHOCH2OH* QUENCH              gHOCH2OH                                          0.10E+01  1.00      1.0
 **** gHOCN*    QUENCH              gHOCN                                             0.10E+01  1.00      1.0
 **** gHOCOOH*  QUENCH              gHOCOOH                                           0.10E+01  1.00      1.0
 **** gHON*     QUENCH              gHON                                              0.10E+01  1.00      1.0
 **** gHPO*     QUENCH              gHPO                                              0.10E+01  1.00      1.0
 **** gHS*      QUENCH              gHS                                               0.10E+01  1.00      1.0
 **** gHSCN*    QUENCH              gHSCN                                             0.10E+01  1.00      1.0
 **** gHSO*     QUENCH              gHSO                                              0.10E+01  1.00      1.0
 **** gHe*      QUENCH              gHe                                               0.10E+01  1.00      1.0
 **** gMg*      QUENCH              gMg                                               0.10E+01  1.00      1.0
 **** gMgH*     QUENCH              gMgH                                              0.10E+01  1.00      1.0
 **** gMgH2*    QUENCH              gMgH2                                             0.10E+01  1.00      1.0
 **** gN*       QUENCH              gN                                                0.10E+01  1.00      1.0
 **** gN2*      QUENCH              gN2                                               0.10E+01  1.00      1.0
 **** gN2H*     QUENCH              gN2H                                              0.10E+01  1.00      1.0
 **** gN2H2*    QUENCH              gN2H2                                             0.10E+01  1.00      1.0
 **** gN2O*     QUENCH              gN2O                                              0.10E+01  1.00      1.0
 **** gNH*      QUENCH              gNH                                               0.10E+01  1.00      1.0
 **** gNH2*     QUENCH              gNH2                                              0.10E+01  1.00      1.0
 **** gNH2CHO*  QUENCH              gNH2CHO                                           0.10E+01  1.00      1.0
 **** gNH2CHS*  QUENCH              gNH2CHS                                           0.10E+01  1.00      1.0
 **** gNH2CN*   QUENCH              gNH2CN                                            0.10E+01  1.00      1.0
 **** gNH2CO*   QUENCH              gNH2CO                                            0.10E+01  1.00      1.0
 **** gNH2CONH* QUENCH              gNH2CONH                                          0.10E+01  1.00      1.0
 **** gNH2COOH* QUENCH              gNH2COOH                                          0.10E+01  1.00      1.0
 **** gNH2CS*   QUENCH              gNH2CS                                            0.10E+01  1.00      1.0
 **** gNH2NH*   QUENCH              gNH2NH                                            0.10E+01  1.00      1.0
 **** gNH2NH2*  QUENCH              gNH2NH2                                           0.10E+01  1.00      1.0
 **** gNH2NO*   QUENCH              gNH2NO                                            0.10E+01  1.00      1.0
 **** gNH2OCH3* QUENCH              gNH2OCH3                                          0.10E+01  1.00      1.0
 **** gNH2OH*   QUENCH              gNH2OH                                            0.10E+01  1.00      1.0
 **** gNH3*     QUENCH              gNH3                                              0.10E+01  1.00      1.0
 **** gNHNO*    QUENCH              gNHNO                                             0.10E+01  1.00      1.0
 **** gNO*      QUENCH              gNO                                               0.10E+01  1.00      1.0
 **** gNO2*     QUENCH              gNO2                                              0.10E+01  1.00      1.0
 **** gNS*      QUENCH              gNS                                               0.10E+01  1.00      1.0
 **** gNa*      QUENCH              gNa                                               0.10E+01  1.00      1.0
 **** gNaCN*    QUENCH              gNaCN                                             0.10E+01  1.00      1.0
 **** gNaH*     QUENCH              gNaH                                              0.10E+01  1.00      1.0
 **** gNaOH*    QUENCH              gNaOH                                             0.10E+01  1.00      1.0
 **** gO*       QUENCH              gO                                                0.10E+01  1.00      1.0
 **** gO2*      QUENCH              gO2                                               0.10E+01  1.00      1.0
 **** gO3*      QUENCH              gO3                                               0.10E+01  1.00      1.0
 **** gOCN*     QUENCH              gOCN                                              0.10E+01  1.00      1.0
 **** gOCS*     QUENCH              gOCS                                              0.10E+01  1.00      1.0
 **** gOCS2*    QUENCH              gOCS2                                             0.10E+01  1.00      1.0
 **** gOH*      QUENCH              gOH                                               0.10E+01  1.00      1.0
 **** gP*       QUENCH              gP                                                0.10E+01  1.00      1.0
 **** gPH*      QUENCH              gPH                                               0.10E+01  1.00      1.0
 **** gPH2*     QUENCH              gPH2                                              0.10E+01  1.00      1.0
 **** gPN*      QUENCH              gPN                                               0.10E+01  1.00      1.0
 **** gPO*      QUENCH              gPO                                               0.10E+01  1.00      1.0
 **** gS*       QUENCH              gS                                                0.10E+01  1.00      1.0
 **** gS2*      QUENCH              gS2                                               0.10E+01  1.00      1.0
 **** gS2H*     QUENCH              gS2H                                              0.10E+01  1.00      1.0
 **** gS2O*     QUENCH              gS2O                                              0.10E+01  1.00      1.0
 **** gS3*      QUENCH              gS3                                               0.10E+01  1.00      1.0
 **** gS4*      QUENCH              gS4                                               0.10E+01  1.00      1.0
 **** gS5*      QUENCH              gS5                                               0.10E+01  1.00      1.0
 **** gS6*      QUENCH              gS6                                               0.10E+01  1.00      1.0
 **** gS7*      QUENCH              gS7                                               0.10E+01  1.00      1.0
 **** gS8*      QUENCH              gS8                                               0.10E+01  1.00      1.0
 **** gSO*      QUENCH              gSO                                               0.10E+01  1.00      1.0
 **** gSO2*     QUENCH              gSO2                                              0.10E+01  1.00      1.0
 **** gSO3*     QUENCH              gSO3                                              0.10E+01  1.00      1.0
 **** gSi*      QUENCH              gSi                                               0.10E+01  1.00      1.0
 **** gSiC*     QUENCH              gSiC                                              0.10E+01  1.00      1.0
 **** gSiC2*    QUENCH              gSiC2                                             0.10E+01  1.00      1.0
 **** gSiC2H*   QUENCH              gSiC2H                                            0.10E+01  1.00      1.0
 **** gSiC2H2*  QUENCH              gSiC2H2                                           0.10E+01  1.00      1.0
 **** gSiC3*    QUENCH              gSiC3                                             0.10E+01  1.00      1.0
 **** gSiC3H*   QUENCH              gSiC3H                                            0.10E+01  1.00      1.0
 **** gSiC4*    QUENCH              gSiC4                                             0.10E+01  1.00      1.0
 **** gSiCH*    QUENCH              gSiCH                                             0.10E+01  1.00      1.0
 **** gSiCH2*   QUENCH              gSiCH2                                            0.10E+01  1.00      1.0
 **** gSiCH3*   QUENCH              gSiCH3                                            0.10E+01  1.00      1.0
 **** gSiH*     QUENCH              gSiH                                              0.10E+01  1.00      1.0
 **** gSiH2*    QUENCH              gSiH2                                             0.10E+01  1.00      1.0
 **** gSiH3*    QUENCH              gSiH3                                             0.10E+01  1.00      1.0
 **** gSiH4*    QUENCH              gSiH4                                             0.10E+01  1.00      1.0
 **** gSiN*     QUENCH              gSiN                                              0.10E+01  1.00      1.0
 **** gSiNC*    QUENCH              gSiNC                                             0.10E+01  1.00      1.0
 **** gSiO*     QUENCH              gSiO                                              0.10E+01  1.00      1.0
 **** gSiO2*    QUENCH              gSiO2                                             0.10E+01  1.00      1.0
 **** gSiS*     QUENCH              gSiS                                              0.10E+01  1.00      1.0
 **** gcH2C3O*  QUENCH              gcH2C3O                                           0.10E+01  1.00      1.0
 **** gHO3*     QUENCH              gHO3                                              0.10E+01  1.00      1.0
 **** bC*       QUENCH              bC                                                0.10E+01  1.00      1.0
 **** bC10*     QUENCH              bC10                                              0.10E+01  1.00      1.0
 **** bC2*      QUENCH              bC2                                               0.10E+01  1.00      1.0
 **** bC2H*     QUENCH              bC2H                                              0.10E+01  1.00      1.0
 **** bC2N*     QUENCH              bC2N                                              0.10E+01  1.00      1.0
 **** bC2NCH*   QUENCH              bC2NCH                                            0.10E+01  1.00      1.0
 **** bC2O*     QUENCH              bC2O                                              0.10E+01  1.00      1.0
 **** bC2S*     QUENCH              bC2S                                              0.10E+01  1.00      1.0
 **** bC3*      QUENCH              bC3                                               0.10E+01  1.00      1.0
 **** bC3H*     QUENCH              bC3H                                              0.10E+01  1.00      1.0
 **** bC3H2*    QUENCH              bC3H2                                             0.10E+01  1.00      1.0
 **** bC3H3*    QUENCH              bC3H3                                             0.10E+01  1.00      1.0
 **** bC3H3N*   QUENCH              bC3H3N                                            0.10E+01  1.00      1.0
 **** bC3H4*    QUENCH              bC3H4                                             0.10E+01  1.00      1.0
 **** bC3H5*    QUENCH              bC3H5                                             0.10E+01  1.00      1.0
 **** bC3H6*    QUENCH              bC3H6                                             0.10E+01  1.00      1.0
 **** bC3H7*    QUENCH              bC3H7                                             0.10E+01  1.00      1.0
 **** bC3H8*    QUENCH              bC3H8                                             0.10E+01  1.00      1.0
 **** bC3N*     QUENCH              bC3N                                              0.10E+01  1.00      1.0
 **** bC3O*     QUENCH              bC3O                                              0.10E+01  1.00      1.0
 **** bC3P*     QUENCH              bC3P                                              0.10E+01  1.00      1.0
 **** bC3S*     QUENCH              bC3S                                              0.10E+01  1.00      1.0
 **** bC4*      QUENCH              bC4                                               0.10E+01  1.00      1.0
 **** bC4H*     QUENCH              bC4H                                              0.10E+01  1.00      1.0
 **** bC4H3*    QUENCH              bC4H3                                             0.10E+01  1.00      1.0
 **** bC4H4*    QUENCH              bC4H4                                             0.10E+01  1.00      1.0
 **** bC4H5*    QUENCH              bC4H5                                             0.10E+01  1.00      1.0
 **** bC4H6*    QUENCH              bC4H6                                             0.10E+01  1.00      1.0
 **** bC4N*     QUENCH              bC4N                                              0.10E+01  1.00      1.0
 **** bC4P*     QUENCH              bC4P                                              0.10E+01  1.00      1.0
 **** bC4S*     QUENCH              bC4S                                              0.10E+01  1.00      1.0
 **** bC5*      QUENCH              bC5                                               0.10E+01  1.00      1.0
 **** bC5H*     QUENCH              bC5H                                              0.10E+01  1.00      1.0
 **** bC5H2*    QUENCH              bC5H2                                             0.10E+01  1.00      1.0
 **** bC5H3*    QUENCH              bC5H3                                             0.10E+01  1.00      1.0
 **** bC5H4*    QUENCH              bC5H4                                             0.10E+01  1.00      1.0
 **** bC5N*     QUENCH              bC5N                                              0.10E+01  1.00      1.0
 **** bC5S*     QUENCH              bC5S                                              0.10E+01  1.00      1.0
 **** bC6*      QUENCH              bC6                                               0.10E+01  1.00      1.0
 **** bC6H*     QUENCH              bC6H                                              0.10E+01  1.00      1.0
 **** bC6H2*    QUENCH              bC6H2                                             0.10E+01  1.00      1.0
 **** bC6H3*    QUENCH              bC6H3                                             0.10E+01  1.00      1.0
 **** bC6H4*    QUENCH              bC6H4                                             0.10E+01  1.00      1.0
 **** bC6H6*    QUENCH              bC6H6                                             0.10E+01  1.00      1.0
 **** bC7*      QUENCH              bC7                                               0.10E+01  1.00      1.0
 **** bC7H*     QUENCH              bC7H                                              0.10E+01  1.00      1.0
 **** bC7H2*    QUENCH              bC7H2                                             0.10E+01  1.00      1.0
 **** bC7H3*    QUENCH              bC7H3                                             0.10E+01  1.00      1.0
 **** bC7H4*    QUENCH              bC7H4                                             0.10E+01  1.00      1.0
 **** bC7N*     QUENCH              bC7N                                              0.10E+01  1.00      1.0
 **** bC8*      QUENCH              bC8                                               0.10E+01  1.00      1.0
 **** bC8H*     QUENCH              bC8H                                              0.10E+01  1.00      1.0
 **** bC8H2*    QUENCH              bC8H2                                             0.10E+01  1.00      1.0
 **** bC8H3*    QUENCH              bC8H3                                             0.10E+01  1.00      1.0
 **** bC8H4*    QUENCH              bC8H4                                             0.10E+01  1.00      1.0
 **** bC9*      QUENCH              bC9                                               0.10E+01  1.00      1.0
 **** bC9H*     QUENCH              bC9H                                              0.10E+01  1.00      1.0
 **** bC9H2*    QUENCH              bC9H2                                             0.10E+01  1.00      1.0
 **** bC9H3*    QUENCH              bC9H3                                             0.10E+01  1.00      1.0
 **** bC9H4*    QUENCH              bC9H4                                             0.10E+01  1.00      1.0
 **** bC9N*     QUENCH              bC9N                                              0.10E+01  1.00      1.0
 **** bCCP*     QUENCH              bCCP                                              0.10E+01  1.00      1.0
 **** bCH*      QUENCH              bCH                                               0.10E+01  1.00      1.0
 **** bCH2*     QUENCH              bCH2                                              0.10E+01  1.00      1.0
 **** bCH2CO*   QUENCH              bCH2CO                                            0.10E+01  1.00      1.0
 **** bCH2NH*   QUENCH              bCH2NH                                            0.10E+01  1.00      1.0
 **** bCH2NH2*  QUENCH              bCH2NH2                                           0.10E+01  1.00      1.0
 **** bCH2OH*   QUENCH              bCH2OH                                            0.10E+01  1.00      1.0
 **** bCH2PH*   QUENCH              bCH2PH                                            0.10E+01  1.00      1.0
 **** bCH2SH*   QUENCH              bCH2SH                                            0.10E+01  1.00      1.0
 **** bCH3*     QUENCH              bCH3                                              0.10E+01  1.00      1.0
 **** bCH3C3N*  QUENCH              bCH3C3N                                           0.10E+01  1.00      1.0
 **** bCH3C4H*  QUENCH              bCH3C4H                                           0.10E+01  1.00      1.0
 **** bCH3C5N*  QUENCH              bCH3C5N                                           0.10E+01  1.00      1.0
 **** bCH3C6H*  QUENCH              bCH3C6H                                           0.10E+01  1.00      1.0
 **** bCH3C7N*  QUENCH              bCH3C7N                                           0.10E+01  1.00      1.0
 **** bCH3CH2*  QUENCH              bCH3CH2                                           0.10E+01  1.00      1.0
 **** bCH3CH3*  QUENCH              bCH3CH3                                           0.10E+01  1.00      1.0
 **** bCH3CHO*  QUENCH              bCH3CHO                                           0.10E+01  1.00      1.0
 **** bCH3CN*   QUENCH              bCH3CN                                            0.10E+01  1.00      1.0
 **** bCH3CO*   QUENCH              bCH3CO                                            0.10E+01  1.00      1.0
 **** bCH3CONH* QUENCH              bCH3CONH                                          0.10E+01  1.00      1.0
 **** bCH3COOH* QUENCH              bCH3COOH                                          0.10E+01  1.00      1.0
 **** bCH3NH*   QUENCH              bCH3NH                                            0.10E+01  1.00      1.0
 **** bCH3NH2*  QUENCH              bCH3NH2                                           0.10E+01  1.00      1.0
 **** bCH3O*    QUENCH              bCH3O                                             0.10E+01  1.00      1.0
 **** bCH3OCH3* QUENCH              bCH3OCH3                                          0.10E+01  1.00      1.0
 **** bCH3OCO*  QUENCH              bCH3OCO                                           0.10E+01  1.00      1.0
 **** bCH3OH*   QUENCH              bCH3OH                                            0.10E+01  1.00      1.0
 **** bCH3ONH*  QUENCH              bCH3ONH                                           0.10E+01  1.00      1.0
 **** bCH3OOH*  QUENCH              bCH3OOH                                           0.10E+01  1.00      1.0
 **** bCH3S*    QUENCH              bCH3S                                             0.10E+01  1.00      1.0
 **** bCH3SH*   QUENCH              bCH3SH                                            0.10E+01  1.00      1.0
 **** bCH4*     QUENCH              bCH4                                              0.10E+01  1.00      1.0
 **** bCHOCHO*  QUENCH              bCHOCHO                                           0.10E+01  1.00      1.0
 **** bCN*      QUENCH              bCN                                               0.10E+01  1.00      1.0
 **** bCNH2*    QUENCH              bCNH2                                             0.10E+01  1.00      1.0
 **** bCO*      QUENCH              bCO                                               0.10E+01  1.00      1.0
 **** bCO2*     QUENCH              bCO2                                              0.10E+01  1.00      1.0
 **** bCOCHO*   QUENCH              bCOCHO                                            0.10E+01  1.00      1.0
 **** bCOOH*    QUENCH              bCOOH                                             0.10E+01  1.00      1.0
 **** bCP*      QUENCH              bCP                                               0.10E+01  1.00      1.0
 **** bCS*      QUENCH              bCS                                               0.10E+01  1.00      1.0
 **** bCS2*     QUENCH              bCS2                                              0.10E+01  1.00      1.0
 **** bCS3*     QUENCH              bCS3                                              0.10E+01  1.00      1.0
 **** bCSSH*    QUENCH              bCSSH                                             0.10E+01  1.00      1.0
 **** bCl*      QUENCH              bCl                                               0.10E+01  1.00      1.0
 **** bClC*     QUENCH              bClC                                              0.10E+01  1.00      1.0
 **** bClH*     QUENCH              bClH                                              0.10E+01  1.00      1.0
 **** bClO*     QUENCH              bClO                                              0.10E+01  1.00      1.0
 **** bFe*      QUENCH              bFe                                               0.10E+01  1.00      1.0
 **** bFeH*     QUENCH              bFeH                                              0.10E+01  1.00      1.0
 **** bFeS*     QUENCH              bFeS                                              0.10E+01  1.00      1.0
 **** bH*       QUENCH              bH                                                0.10E+01  1.00      1.0
 **** bH2*      QUENCH              bH2                                               0.10E+01  1.00      1.0
 **** bH2C2H*   QUENCH              bH2C2H                                            0.10E+01  1.00      1.0
 **** bH2C2H2*  QUENCH              bH2C2H2                                           0.10E+01  1.00      1.0
 **** bH2C2N*   QUENCH              bH2C2N                                            0.10E+01  1.00      1.0
 **** bH2C5N*   QUENCH              bH2C5N                                            0.10E+01  1.00      1.0
 **** bH2C7N*   QUENCH              bH2C7N                                            0.10E+01  1.00      1.0
 **** bH2C9N*   QUENCH              bH2C9N                                            0.10E+01  1.00      1.0
 **** bH2CN*    QUENCH              bH2CN                                             0.10E+01  1.00      1.0
 **** bH2CO*    QUENCH              bH2CO                                             0.10E+01  1.00      1.0
 **** bH2CS*    QUENCH              bH2CS                                             0.10E+01  1.00      1.0
 **** bH2O*     QUENCH              bH2O                                              0.10E+01  1.00      1.0
 **** bH2O2*    QUENCH              bH2O2                                             0.10E+01  1.00      1.0
 **** bH2S*     QUENCH              bH2S                                              0.10E+01  1.00      1.0
 **** bH2S2*    QUENCH              bH2S2                                             0.10E+01  1.00      1.0
 **** bH2SO4*   QUENCH              bH2SO4                                            0.10E+01  1.00      1.0
 **** bH2SiO*   QUENCH              bH2SiO                                            0.10E+01  1.00      1.0
 **** bH3C5N*   QUENCH              bH3C5N                                            0.10E+01  1.00      1.0
 **** bH3C7N*   QUENCH              bH3C7N                                            0.10E+01  1.00      1.0
 **** bH3C9N*   QUENCH              bH3C9N                                            0.10E+01  1.00      1.0
 **** bH4C3N*   QUENCH              bH4C3N                                            0.10E+01  1.00      1.0
 **** bH5C3N*   QUENCH              bH5C3N                                            0.10E+01  1.00      1.0
 **** bHC2H*    QUENCH              bHC2H                                             0.10E+01  1.00      1.0
 **** bHC2N*    QUENCH              bHC2N                                             0.10E+01  1.00      1.0
 **** bHC2NC*   QUENCH              bHC2NC                                            0.10E+01  1.00      1.0
 **** bHC2O*    QUENCH              bHC2O                                             0.10E+01  1.00      1.0
 **** bHC2S*    QUENCH              bHC2S                                             0.10E+01  1.00      1.0
 **** bHC3N*    QUENCH              bHC3N                                             0.10E+01  1.00      1.0
 **** bHC3NH*   QUENCH              bHC3NH                                            0.10E+01  1.00      1.0
 **** bHC3O*    QUENCH              bHC3O                                             0.10E+01  1.00      1.0
 **** bHC3S*    QUENCH              bHC3S                                             0.10E+01  1.00      1.0
 **** bHC4H*    QUENCH              bHC4H                                             0.10E+01  1.00      1.0
 **** bHC5N*    QUENCH              bHC5N                                             0.10E+01  1.00      1.0
 **** bHC7N*    QUENCH              bHC7N                                             0.10E+01  1.00      1.0
 **** bHC9N*    QUENCH              bHC9N                                             0.10E+01  1.00      1.0
 **** bHCCP*    QUENCH              bHCCP                                             0.10E+01  1.00      1.0
 **** bHCN*     QUENCH              bHCN                                              0.10E+01  1.00      1.0
 **** bHCNH*    QUENCH              bHCNH                                             0.10E+01  1.00      1.0
 **** bHCNS*    QUENCH              bHCNS                                             0.10E+01  1.00      1.0
 **** bHCO*     QUENCH              bHCO                                              0.10E+01  1.00      1.0
 **** bHCOCOOH* QUENCH              bHCOCOOH                                          0.10E+01  1.00      1.0
 **** bHCOH*    QUENCH              bHCOH                                             0.10E+01  1.00      1.0
 **** bHCOOCH3* QUENCH              bHCOOCH3                                          0.10E+01  1.00      1.0
 **** bHCOOH*   QUENCH              bHCOOH                                            0.10E+01  1.00      1.0
 **** bHCOSH*   QUENCH              bHCOSH                                            0.10E+01  1.00      1.0
 **** bHCP*     QUENCH              bHCP                                              0.10E+01  1.00      1.0
 **** bHCS*     QUENCH              bHCS                                              0.10E+01  1.00      1.0
 **** bHCSSH*   QUENCH              bHCSSH                                            0.10E+01  1.00      1.0
 **** bHNC*     QUENCH              bHNC                                              0.10E+01  1.00      1.0
 **** bHNC3*    QUENCH              bHNC3                                             0.10E+01  1.00      1.0
 **** bHNCH2OH* QUENCH              bHNCH2OH                                          0.10E+01  1.00      1.0
 **** bHNCHO*   QUENCH              bHNCHO                                            0.10E+01  1.00      1.0
 **** bHNCO*    QUENCH              bHNCO                                             0.10E+01  1.00      1.0
 **** bHNCOCHO* QUENCH              bHNCOCHO                                          0.10E+01  1.00      1.0
 **** bHNCONH*  QUENCH              bHNCONH                                           0.10E+01  1.00      1.0
 **** bHNCOOH*  QUENCH              bHNCOOH                                           0.10E+01  1.00      1.0
 **** bHNCS*    QUENCH              bHNCS                                             0.10E+01  1.00      1.0
 **** bHNO*     QUENCH              bHNO                                              0.10E+01  1.00      1.0
 **** bHNOH*    QUENCH              bHNOH                                             0.10E+01  1.00      1.0
 **** bHNSi*    QUENCH              bHNSi                                             0.10E+01  1.00      1.0
 **** bHO2*     QUENCH              bHO2                                              0.10E+01  1.00      1.0
 **** bHOC*     QUENCH              bHOC                                              0.10E+01  1.00      1.0
 **** bHOCH2CO* QUENCH              bHOCH2CO                                          0.10E+01  1.00      1.0
 **** bHOCH2OH* QUENCH              bHOCH2OH                                          0.10E+01  1.00      1.0
 **** bHOCN*    QUENCH              bHOCN                                             0.10E+01  1.00      1.0
 **** bHOCOOH*  QUENCH              bHOCOOH                                           0.10E+01  1.00      1.0
 **** bHON*     QUENCH              bHON                                              0.10E+01  1.00      1.0
 **** bHPO*     QUENCH              bHPO                                              0.10E+01  1.00      1.0
 **** bHS*      QUENCH              bHS                                               0.10E+01  1.00      1.0
 **** bHSCN*    QUENCH              bHSCN                                             0.10E+01  1.00      1.0
 **** bHSO*     QUENCH              bHSO                                              0.10E+01  1.00      1.0
 **** bHe*      QUENCH              bHe                                               0.10E+01  1.00      1.0
 **** bMg*      QUENCH              bMg                                               0.10E+01  1.00      1.0
 **** bMgH*     QUENCH              bMgH                                              0.10E+01  1.00      1.0
 **** bMgH2*    QUENCH              bMgH2                                             0.10E+01  1.00      1.0
 **** bN*       QUENCH              bN                                                0.10E+01  1.00      1.0
 **** bN2*      QUENCH              bN2                                               0.10E+01  1.00      1.0
 **** bN2H*     QUENCH              bN2H                                              0.10E+01  1.00      1.0
 **** bN2H2*    QUENCH              bN2H2                                             0.10E+01  1.00      1.0
 **** bN2O*     QUENCH              bN2O                                              0.10E+01  1.00      1.0
 **** bNH*      QUENCH              bNH                                               0.10E+01  1.00      1.0
 **** bNH2*     QUENCH              bNH2                                              0.10E+01  1.00      1.0
 **** bNH2CHO*  QUENCH              bNH2CHO                                           0.10E+01  1.00      1.0
 **** bNH2CHS*  QUENCH              bNH2CHS                                           0.10E+01  1.00      1.0
 **** bNH2CN*   QUENCH              bNH2CN                                            0.10E+01  1.00      1.0
 **** bNH2CO*   QUENCH              bNH2CO                                            0.10E+01  1.00      1.0
 **** bNH2CONH* QUENCH              bNH2CONH                                          0.10E+01  1.00      1.0
 **** bNH2COOH* QUENCH              bNH2COOH                                          0.10E+01  1.00      1.0
 **** bNH2CS*   QUENCH              bNH2CS                                            0.10E+01  1.00      1.0
 **** bNH2NH*   QUENCH              bNH2NH                                            0.10E+01  1.00      1.0
 **** bNH2NH2*  QUENCH              bNH2NH2                                           0.10E+01  1.00      1.0
 **** bNH2NO*   QUENCH              bNH2NO                                            0.10E+01  1.00      1.0
 **** bNH2OCH3* QUENCH              bNH2OCH3                                          0.10E+01  1.00      1.0
 **** bNH2OH*   QUENCH              bNH2OH                                            0.10E+01  1.00      1.0
 **** bNH3*     QUENCH              bNH3                                              0.10E+01  1.00      1.0
 **** bNHNO*    QUENCH              bNHNO                                             0.10E+01  1.00      1.0
 **** bNO*      QUENCH              bNO                                               0.10E+01  1.00      1.0
 **** bNO2*     QUENCH              bNO2                                              0.10E+01  1.00      1.0
 **** bNS*      QUENCH              bNS                                               0.10E+01  1.00      1.0
 **** bNa*      QUENCH              bNa                                               0.10E+01  1.00      1.0
 **** bNaCN*    QUENCH              bNaCN                                             0.10E+01  1.00      1.0
 **** bNaH*     QUENCH              bNaH                                              0.10E+01  1.00      1.0
 **** bNaOH*    QUENCH              bNaOH                                             0.10E+01  1.00      1.0
 **** bO*       QUENCH              bO                                                0.10E+01  1.00      1.0
 **** bO2*      QUENCH              bO2                                               0.10E+01  1.00      1.0
 **** bO3*      QUENCH              bO3                                               0.10E+01  1.00      1.0
 **** bOCN*     QUENCH              bOCN                                              0.10E+01  1.00      1.0
 **** bOCS*     QUENCH              bOCS                                              0.10E+01  1.00      1.0
 **** bOCS2*    QUENCH              bOCS2                                             0.10E+01  1.00      1.0
 **** bOH*      QUENCH              bOH                                               0.10E+01  1.00      1.0
 **** bP*       QUENCH              bP                                                0.10E+01  1.00      1.0
 **** bPH*      QUENCH              bPH                                               0.10E+01  1.00      1.0
 **** bPH2*     QUENCH              bPH2                                              0.10E+01  1.00      1.0
 **** bPN*      QUENCH              bPN                                               0.10E+01  1.00      1.0
 **** bPO*      QUENCH              bPO                                               0.10E+01  1.00      1.0
 **** bS*       QUENCH              bS                                                0.10E+01  1.00      1.0
 **** bS2*      QUENCH              bS2                                               0.10E+01  1.00      1.0
 **** bS2H*     QUENCH              bS2H                                              0.10E+01  1.00      1.0
 **** bS2O*     QUENCH              bS2O                                              0.10E+01  1.00      1.0
 **** bS3*      QUENCH              bS3                                               0.10E+01  1.00      1.0
 **** bS4*      QUENCH              bS4                                               0.10E+01  1.00      1.0
 **** bS5*      QUENCH              bS5                                               0.10E+01  1.00      1.0
 **** bS6*      QUENCH              bS6                                               0.10E+01  1.00      1.0
 **** bS7*      QUENCH              bS7                                               0.10E+01  1.00      1.0
 **** bS8*      QUENCH              bS8                                               0.10E+01  1.00      1.0
 **** bSO*      QUENCH              bSO                                               0.10E+01  1.00      1.0
 **** bSO2*     QUENCH              bSO2                                              0.10E+01  1.00      1.0
 **** bSO3*     QUENCH              bSO3                                              0.10E+01  1.00      1.0
 **** bSi*      QUENCH              bSi                                               0.10E+01  1.00      1.0
 **** bSiC*     QUENCH              bSiC                                              0.10E+01  1.00      1.0
 **** bSiC2*    QUENCH              bSiC2                                             0.10E+01  1.00      1.0
 **** bSiC2H*   QUENCH              bSiC2H                                            0.10E+01  1.00      1.0
 **** bSiC2H2*  QUENCH              bSiC2H2                                           0.10E+01  1.00      1.0
 **** bSiC3*    QUENCH              bSiC3                                             0.10E+01  1.00      1.0
 **** bSiC3H*   QUENCH              bSiC3H                                            0.10E+01  1.00      1.0
 **** bSiC4*    QUENCH              bSiC4                                             0.10E+01  1.00      1.0
 **** bSiCH*    QUENCH              bSiCH                                             0.10E+01  1.00      1.0
 **** bSiCH2*   QUENCH              bSiCH2                                            0.10E+01  1.00      1.0
 **** bSiCH3*   QUENCH              bSiCH3                                            0.10E+01  1.00      1.0
 **** bSiH*     QUENCH              bSiH                                              0.10E+01  1.00      1.0
 **** bSiH2*    QUENCH              bSiH2                                             0.10E+01  1.00      1.0
 **** bSiH3*    QUENCH              bSiH3                                             0.10E+01  1.00      1.0
 **** bSiH4*    QUENCH              bSiH4                                             0.10E+01  1.00      1.0
 **** bSiN*     QUENCH              bSiN                                              0.10E+01  1.00      1.0
 **** bSiNC*    QUENCH              bSiNC                                             0.10E+01  1.00      1.0
 **** bSiO*     QUENCH              bSiO                                              0.10E+01  1.00      1.0
 **** bSiO2*    QUENCH              bSiO2                                             0.10E+01  1.00      1.0
 **** bSiS*     QUENCH              bSiS                                              0.10E+01  1.00      1.0
