 Species, Weight, Number of Atoms, Index, Gas twin index, Desorption energy
HO3          4.9006E+01   4    1   1  6.2740E+03
C            1.2011E+01   1    2   2  8.0000E+02
C+           1.2011E+01   1    3   3  0.0000E+00
C-           1.2011E+01   1    4   4  0.0000E+00
C10          1.2011E+02  10    5   5  8.0000E+03
C10+         1.2011E+02  10    6   6  0.0000E+00
C2           2.4022E+01   2    7   7  1.6000E+03
C2+          2.4022E+01   2    8   8  0.0000E+00
C2H          2.5030E+01   3    9   9  2.1370E+03
C2H+         2.5030E+01   3   10  10  0.0000E+00
C2N          3.8029E+01   3   11  11  2.4000E+03
C2N+         3.8029E+01   3   12  12  0.0000E+00
C2NCH        5.1048E+01   5   13  13  4.5800E+03
C2O          4.0021E+01   3   14  14  1.9500E+03
C2O+         4.0021E+01   3   15  15  0.0000E+00
C2OH+        4.1029E+01   4   16  16  0.0000E+00
C2S          5.6088E+01   3   17  17  1.0750E+03
C2S+         5.6088E+01   3   18  18  0.0000E+00
C3           3.6033E+01   3   19  19  2.4000E+03
C3+          3.6033E+01   3   20  20  0.0000E+00
C3H          3.7041E+01   4   21  21  2.9370E+03
C3H+         3.7041E+01   4   22  22  0.0000E+00
C3H2         3.8049E+01   5   23  23  3.3870E+03
C3H2+        3.8049E+01   5   24  24  0.0000E+00
C3H3         3.9057E+01   6   25  25  3.8370E+03
C3H3+        3.9057E+01   6   26  26  0.0000E+00
C3H3N        5.3063E+01   7   27  27  5.4800E+03
C3H3N+       5.3063E+01   7   28  28  0.0000E+00
C3H4         4.0065E+01   7   29  29  4.2870E+03
C3H4+        4.0065E+01   7   30  30  0.0000E+00
C3H4N+       5.4071E+01   8   31  31  0.0000E+00
C3H5         4.1072E+01   8   32  32  0.0000E+00
C3H5+        4.1072E+01   8   33  33  0.0000E+00
C3H6         4.2080E+01   9   34  34  0.0000E+00
C3H7         4.3088E+01  10   35  35  0.0000E+00
C3H8         4.4096E+01  11   36  36  0.0000E+00
C3N          5.0040E+01   4   37  37  3.2000E+03
C3N+         5.0040E+01   4   38  38  0.0000E+00
C3O          5.2032E+01   4   39  39  2.7500E+03
C3O+         5.2032E+01   4   40  40  0.0000E+00
C3P          6.7007E+01   4   41  41  3.5000E+03
C3S          6.8099E+01   4   42  42  1.8750E+03
C3S+         6.8099E+01   4   43  43  0.0000E+00
C4           4.8044E+01   4   44  44  3.2000E+03
C4+          4.8044E+01   4   45  45  0.0000E+00
C4H          4.9052E+01   5   46  46  3.7370E+03
C4H+         4.9052E+01   5   47  47  0.0000E+00
C4H3         5.1068E+01   7   48  48  4.6370E+03
C4H3+        5.1068E+01   7   49  49  0.0000E+00
C4H4         5.2076E+01   8   50  50  5.0870E+03
C4H4+        5.2076E+01   8   51  51  0.0000E+00
C4H4N+       6.6082E+01   9   52  52  0.0000E+00
C4H5         5.3083E+01   9   53  53  0.0000E+00
C4H5+        5.3083E+01   9   54  54  0.0000E+00
C4H6         5.4091E+01  10   55  55  0.0000E+00
C4H7+        5.5099E+01  11   56  56  0.0000E+00
C4N          6.2051E+01   5   57  57  4.0000E+03
C4N+         6.2051E+01   5   58  58  0.0000E+00
C4P          7.9018E+01   5   59  59  4.3000E+03
C4P+         7.9018E+01   5   60  60  0.0000E+00
C4S          8.0110E+01   5   61  61  2.6750E+03
C4S+         8.0110E+01   5   62  62  0.0000E+00
C5           6.0055E+01   5   63  63  4.0000E+03
C5+          6.0055E+01   5   64  64  0.0000E+00
C5H          6.1063E+01   6   65  65  4.5370E+03
C5H+         6.1063E+01   6   66  66  0.0000E+00
C5H2         6.2071E+01   7   67  67  4.9870E+03
C5H2+        6.2071E+01   7   68  68  0.0000E+00
C5H2N+       7.6077E+01   8   69  69  0.0000E+00
C5H3         6.3079E+01   8   70  70  5.4370E+03
C5H3+        6.3079E+01   8   71  71  0.0000E+00
C5H3N+       7.7085E+01   9   72  72  0.0000E+00
C5H4         6.4087E+01   9   73  73  5.8870E+03
C5H4+        6.4087E+01   9   74  74  0.0000E+00
C5H4N+       7.8093E+01  10   75  75  0.0000E+00
C5H5+        6.5094E+01  10   76  76  0.0000E+00
C5HN+        7.5070E+01   7   77  77  0.0000E+00
C5N          7.4062E+01   6   78  78  4.8000E+03
C5N+         7.4062E+01   6   79  79  0.0000E+00
C5S          9.2121E+01   6   80  80  0.0000E+00
C6           7.2066E+01   6   81  81  4.8000E+03
C6+          7.2066E+01   6   82  82  0.0000E+00
C6H          7.3074E+01   7   83  83  5.3370E+03
C6H+         7.3074E+01   7   84  84  0.0000E+00
C6H2         7.4082E+01   8   85  85  5.7870E+03
C6H2+        7.4082E+01   8   86  86  0.0000E+00
C6H3         7.5090E+01   9   87  87  6.2370E+03
C6H3+        7.5090E+01   9   88  88  0.0000E+00
C6H4         7.6098E+01  10   89  89  6.6870E+03
C6H4+        7.6098E+01  10   90  90  0.0000E+00
C6H4N+       9.0104E+01  11   91  91  0.0000E+00
C6H5+        7.7105E+01  11   92  92  0.0000E+00
C6H6         7.8113E+01  12   93  93  7.5870E+03
C6H7+        7.9121E+01  13   94  94  0.0000E+00
C7           8.4077E+01   7   95  95  5.6000E+03
C7+          8.4077E+01   7   96  96  0.0000E+00
C7H          8.5085E+01   8   97  97  6.1370E+03
C7H+         8.5085E+01   8   98  98  0.0000E+00
C7H2         8.6093E+01   9   99  99  6.5870E+03
C7H2+        8.6093E+01   9  100 100  0.0000E+00
C7H2N+       1.0010E+02  10  101 101  0.0000E+00
C7H3         8.7101E+01  10  102 102  7.0370E+03
C7H3+        8.7101E+01  10  103 103  0.0000E+00
C7H3N+       1.0111E+02  11  104 104  0.0000E+00
C7H4         8.8109E+01  11  105 105  7.4870E+03
C7H4+        8.8109E+01  11  106 106  0.0000E+00
C7H5+        8.9116E+01  12  107 107  0.0000E+00
C7HN+        9.9092E+01   9  108 108  0.0000E+00
C7N          9.8084E+01   8  109 109  6.4000E+03
C7N+         9.8084E+01   8  110 110  0.0000E+00
C8           9.6088E+01   8  111 111  6.4000E+03
C8+          9.6088E+01   8  112 112  0.0000E+00
C8H          9.7096E+01   9  113 113  6.9370E+03
C8H+         9.7096E+01   9  114 114  0.0000E+00
C8H2         9.8104E+01  10  115 115  7.3870E+03
C8H2+        9.8104E+01  10  116 116  0.0000E+00
C8H3         9.9112E+01  11  117 117  7.8370E+03
C8H3+        9.9112E+01  11  118 118  0.0000E+00
C8H4         1.0012E+02  12  119 119  8.2870E+03
C8H4+        1.0012E+02  12  120 120  0.0000E+00
C8H4N+       1.1413E+02  13  121 121  0.0000E+00
C8H5+        1.0113E+02  13  122 122  0.0000E+00
C9           1.0810E+02   9  123 123  7.2000E+03
C9+          1.0810E+02   9  124 124  0.0000E+00
C9H          1.0911E+02  10  125 125  7.7370E+03
C9H+         1.0911E+02  10  126 126  0.0000E+00
C9H2         1.1011E+02  11  127 127  8.1870E+03
C9H2+        1.1011E+02  11  128 128  0.0000E+00
C9H2N+       1.2412E+02  12  129 129  0.0000E+00
C9H3         1.1112E+02  12  130 130  8.6370E+03
C9H3+        1.1112E+02  12  131 131  0.0000E+00
C9H3N+       1.2513E+02  13  132 132  0.0000E+00
C9H4         1.1213E+02  13  133 133  9.0870E+03
C9H4+        1.1213E+02  13  134 134  0.0000E+00
C9H5+        1.1314E+02  14  135 135  0.0000E+00
C9HN+        1.2311E+02  11  136 136  0.0000E+00
C9N          1.2211E+02  10  137 137  8.0000E+03
C9N+         1.2211E+02  10  138 138  0.0000E+00
CCP          5.4996E+01   3  139 139  2.7000E+03
CCP+         5.4996E+01   3  140 140  0.0000E+00
CH           1.3019E+01   2  141 141  9.2500E+02
CH+          1.3019E+01   2  142 142  0.0000E+00
CH2          1.4027E+01   3  143 143  1.0500E+03
CH2+         1.4027E+01   3  144 144  0.0000E+00
CH2CO        4.2037E+01   5  145 145  2.2000E+03
CH2CO+       4.2037E+01   5  146 146  0.0000E+00
CH2NH        2.9041E+01   5  147 147  2.5830E+03
CH2NH2       3.0049E+01   6  148 148  3.3170E+03
CH2OH        3.1034E+01   5  149 149  5.0840E+03
CH2OH+       3.1034E+01   5  150 150  0.0000E+00
CH2OHCHO     6.0052E+01   8  151 151  0.0000E+00
CH2OHNH+     4.6049E+01   7  152 152  0.0000E+00
CH2PH        4.6009E+01   5  153 153  2.6000E+03
CH2PH+       4.6009E+01   5  154 154  0.0000E+00
CH2PH2+      4.7016E+01   6  155 155  0.0000E+00
CH2SH        4.7101E+01   5  156 156  2.0960E+03
CH3          1.5035E+01   4  157 157  1.1750E+03
CH3+         1.5035E+01   4  158 158  0.0000E+00
CH3C3N       6.5074E+01   8  159 159  6.2800E+03
CH3C3N+      6.5074E+01   8  160 160  0.0000E+00
CH3C4H       6.4087E+01   9  161 161  5.8870E+03
CH3C5N       8.9096E+01  10  162 162  7.8800E+03
CH3C6H       8.8109E+01  11  163 163  7.4870E+03
CH3C7N       1.1312E+02  12  164 164  9.4800E+03
CH3CH2       2.9061E+01   7  165 165  3.9370E+03
CH3CH2+      2.9061E+01   7  166 166  0.0000E+00
CH3CH2O+     4.5061E+01   8  167 167  0.0000E+00
CH3CH2OH     4.6069E+01   9  168 168  0.0000E+00
CH3CH3       3.0069E+01   8  169 169  4.3870E+03
CH3CH3+      3.0069E+01   8  170 170  0.0000E+00
CH3CHO       4.4053E+01   7  171 171  2.7750E+03
CH3CHO+      4.4053E+01   7  172 172  0.0000E+00
CH3CN        4.1052E+01   6  173 173  4.6800E+03
CH3CN+       4.1052E+01   6  174 174  0.0000E+00
CH3CNH+      4.2060E+01   7  175 175  0.0000E+00
CH3CO        4.3045E+01   6  176 176  2.3250E+03
CH3CO+       4.3045E+01   6  177 177  0.0000E+00
CH3COCH3     5.8080E+01  10  178 178  0.0000E+00
CH3COCHO     7.2063E+01   9  179 179  0.0000E+00
CH3CONH      5.8060E+01   8  180 180  3.8580E+03
CH3CONH+     5.8060E+01   8  181 181  0.0000E+00
CH3CONH2     5.9068E+01   9  182 182  0.0000E+00
CH3COOH      6.0052E+01   8  183 183  6.2950E+03
CH3COOH+     6.0052E+01   8  184 184  0.0000E+00
CH3NH        3.0049E+01   6  185 185  2.7080E+03
CH3NH+       3.0049E+01   6  186 186  0.0000E+00
CH3NH2       3.1057E+01   7  187 187  3.4420E+03
CH3NH2+      3.1057E+01   7  188 188  0.0000E+00
CH3NH3+      3.2065E+01   8  189 189  0.0000E+00
CH3O         3.1034E+01   5  190 190  2.5000E+03
CH3O+        3.1034E+01   5  191 191  0.0000E+00
CH3OCH3      4.6069E+01   9  192 192  3.6750E+03
CH3OCH3+     4.6069E+01   9  193 193  0.0000E+00
CH3OCH4+     4.7077E+01  10  194 194  0.0000E+00
CH3OCO       5.9044E+01   7  195 195  3.6500E+03
CH3OCO+      5.9044E+01   7  196 196  0.0000E+00
CH3OCONH     7.4059E+01   9  197 197  0.0000E+00
CH3OCOOH     7.6052E+01   9  198 198  0.0000E+00
CH3OH        3.2042E+01   6  199 199  5.5340E+03
CH3OH+       3.2042E+01   6  200 200  0.0000E+00
CH3OH2+      3.3050E+01   7  201 201  0.0000E+00
CH3ONH       4.6049E+01   7  202 202  4.0330E+03
CH3ONH+      4.6049E+01   7  203 203  0.0000E+00
CH3OOCH3     6.2068E+01  10  204 204  0.0000E+00
CH3OOH       4.8041E+01   7  205 205  5.3500E+03
CH3OOH+      4.8041E+01   7  206 206  0.0000E+00
CH3OOH2+     4.9049E+01   8  207 207  0.0000E+00
CH3S         4.7101E+01   5  208 208  3.2500E+03
CH3SH        4.8109E+01   6  209 209  2.5460E+03
CH3SH+       4.8109E+01   6  210 210  0.0000E+00
CH3SH2+      4.9117E+01   7  211 211  0.0000E+00
CH4          1.6043E+01   5  212 212  1.3000E+03
CH4+         1.6043E+01   5  213 213  0.0000E+00
CH5+         1.7050E+01   6  214 214  0.0000E+00
CHOCHO       5.8037E+01   6  215 215  3.2000E+03
CHOCHO+      5.8037E+01   6  216 216  0.0000E+00
CHOCHOH+     5.9044E+01   7  217 217  0.0000E+00
CN           2.6018E+01   2  218 218  1.6000E+03
CN+          2.6018E+01   2  219 219  0.0000E+00
CN-          2.6018E+01   2  220 220  0.0000E+00
CNC+         3.8029E+01   3  221 221  0.0000E+00
CNH2         2.8033E+01   4  222 222  0.0000E+00
CO           2.8010E+01   2  223 223  1.1500E+03
CO+          2.8010E+01   2  224 224  0.0000E+00
CO2          4.4010E+01   3  225 225  2.5750E+03
CO2+         4.4010E+01   3  226 226  0.0000E+00
COCHO        5.7029E+01   5  227 227  2.7500E+03
COCHO+       5.7029E+01   5  228 228  0.0000E+00
COOH         4.5018E+01   4  229 229  5.1200E+03
COOH+        4.5018E+01   4  230 230  0.0000E+00
CP           4.2985E+01   2  231 231  1.9000E+03
CP+          4.2985E+01   2  232 232  0.0000E+00
CS           4.4077E+01   2  233 233  1.9000E+03
CS+          4.4077E+01   2  234 234  0.0000E+00
CS2          7.6143E+01   3  235 235  3.8000E+03
CS2+         7.6143E+01   3  236 236  0.0000E+00
CS3          1.0821E+02   4  237 237  0.0000E+00
CSSH         7.7151E+01   4  238 238  4.2500E+03
Cl           3.5453E+01   1  239 239  3.0000E+03
Cl+          3.5453E+01   1  240 240  0.0000E+00
ClC          4.7464E+01   2  241 241  3.8000E+03
ClC+         4.7464E+01   2  242 242  0.0000E+00
ClCH2+       4.9480E+01   4  243 243  0.0000E+00
ClH          3.6461E+01   2  244 244  3.4500E+03
ClH+         3.6461E+01   2  245 245  0.0000E+00
ClH2+        3.7469E+01   3  246 246  0.0000E+00
ClO          5.1452E+01   2  247 247  4.7640E+03
ClO+         5.1452E+01   2  248 248  0.0000E+00
Fe           5.5847E+01   1  249 249  4.2000E+03
Fe+          5.5847E+01   1  250 250  0.0000E+00
FeH          5.6855E+01   2  251 251  4.6500E+03
FeS          8.7913E+01   2  252 252  0.0000E+00
G-           0.0000E+00   0  253 253  0.0000E+00
G0           0.0000E+00   0  254 254  0.0000E+00
H            1.0079E+00   1  255 255  4.5000E+02
H+           1.0079E+00   1  256 256  0.0000E+00
H-           1.0079E+00   1  257 257  0.0000E+00
H2           2.0158E+00   2  258 258  4.3000E+02
H2+          2.0158E+00   2  259 259  0.0000E+00
H2C2H        2.7046E+01   5  260 260  3.0370E+03
H2C2H+       2.7046E+01   5  261 261  0.0000E+00
H2C2H2       2.8054E+01   6  262 262  3.4870E+03
H2C2H2+      2.8054E+01   6  263 263  0.0000E+00
H2C2N        4.0044E+01   5  264 264  4.2300E+03
H2C2N+       4.0044E+01   5  265 265  0.0000E+00
H2C4N+       6.4066E+01   7  266 266  0.0000E+00
H2C5N        7.6077E+01   8  267 267  6.6300E+03
H2C7N        1.0010E+02  10  268 268  8.2300E+03
H2C9N        1.2412E+02  12  269 269  9.8300E+03
H2CN         2.8033E+01   4  270 270  2.5000E+03
H2CN+        2.8033E+01   4  271 271  0.0000E+00
H2CNS+       6.0100E+01   5  272 272  0.0000E+00
H2CO         3.0026E+01   4  273 273  2.0500E+03
H2CO+        3.0026E+01   4  274 274  0.0000E+00
H2CS         4.6093E+01   4  275 275  2.8000E+03
H2CS+        4.6093E+01   4  276 276  0.0000E+00
H2NC+        2.8033E+01   4  277 277  0.0000E+00
H2NO+        3.2022E+01   4  278 278  0.0000E+00
H2O          1.8015E+01   3  279 279  5.7000E+03
H2O+         1.8015E+01   3  280 280  0.0000E+00
H2O2         3.4015E+01   4  281 281  5.7000E+03
H2PO+        4.8989E+01   4  282 282  0.0000E+00
H2S          3.4082E+01   3  283 283  2.7430E+03
H2S+         3.4082E+01   3  284 284  0.0000E+00
H2S2         6.6148E+01   4  285 285  3.1930E+03
H2S2+        6.6148E+01   4  286 286  0.0000E+00
H2SCN+       6.0100E+01   5  287 287  0.0000E+00
H2SO4        9.8079E+01   7  288 288  0.0000E+00
H2SiO        4.6101E+01   4  289 289  5.3640E+03
H2SiO+       4.6101E+01   4  290 290  0.0000E+00
H3+          3.0237E+00   3  291 291  0.0000E+00
H3C5N        7.7085E+01   9  292 292  7.0800E+03
H3C7N        1.0111E+02  11  293 293  8.6800E+03
H3C9N        1.2513E+02  13  294 294  1.0280E+04
H3CS+        4.7101E+01   5  295 295  0.0000E+00
H3O+         1.9023E+01   4  296 296  0.0000E+00
H3S+         3.5090E+01   4  297 297  0.0000E+00
H3S2+        6.7156E+01   5  298 298  0.0000E+00
H3SiO+       4.7109E+01   5  299 299  0.0000E+00
H4C3N        5.4071E+01   8  300 300  5.9300E+03
H5C3N        5.5079E+01   9  301 301  6.3800E+03
HC2H         2.6038E+01   4  302 302  2.5870E+03
HC2H+        2.6038E+01   4  303 303  0.0000E+00
HC2N         3.9037E+01   4  304 304  3.7800E+03
HC2N+        3.9037E+01   4  305 305  0.0000E+00
HC2NC        5.1048E+01   5  306 306  4.5800E+03
HC2NCH+      5.2055E+01   6  307 307  0.0000E+00
HC2O         4.1029E+01   4  308 308  2.4000E+03
HC2S         5.7096E+01   4  309 309  1.5250E+03
HC2S+        5.7096E+01   4  310 310  0.0000E+00
HC3N         5.1048E+01   5  311 311  4.5800E+03
HC3NH        5.2055E+01   6  312 312  5.0300E+03
HC3NH+       5.2055E+01   6  313 313  0.0000E+00
HC3O         5.3040E+01   5  314 314  3.2000E+03
HC3O+        5.3040E+01   5  315 315  0.0000E+00
HC3S         6.9107E+01   5  316 316  2.3250E+03
HC3S+        6.9107E+01   5  317 317  0.0000E+00
HC4H         5.0060E+01   6  318 318  4.1870E+03
HC4H+        5.0060E+01   6  319 319  0.0000E+00
HC4N+        6.3059E+01   6  320 320  0.0000E+00
HC4O+        6.5051E+01   6  321 321  0.0000E+00
HC4S+        8.1118E+01   6  322 322  0.0000E+00
HC5N         7.5070E+01   7  323 323  6.1800E+03
HC7N         9.9092E+01   9  324 324  7.7800E+03
HC9N         1.2311E+02  11  325 325  9.3800E+03
HCCP         5.6004E+01   4  326 326  3.1500E+03
HCCP+        5.6004E+01   4  327 327  0.0000E+00
HCN          2.7026E+01   3  328 328  2.0500E+03
HCN+         2.7026E+01   3  329 329  0.0000E+00
HCNH         2.8033E+01   4  330 330  2.4580E+03
HCNS         5.9092E+01   4  331 331  2.8250E+03
HCNS+        5.9092E+01   4  332 332  0.0000E+00
HCNSH+       6.0100E+01   5  333 333  0.0000E+00
HCO          2.9018E+01   3  334 334  1.6000E+03
HCO+         2.9018E+01   3  335 335  0.0000E+00
HCOCOCHO     8.6047E+01   8  336 336  0.0000E+00
HCOCOOH      7.4036E+01   7  337 337  6.7200E+03
HCOCOOH+     7.4036E+01   7  338 338  0.0000E+00
HCOH         3.0026E+01   4  339 339  4.6340E+03
HCOOCH3      6.0052E+01   8  340 340  4.1000E+03
HCOOCH3+     6.0052E+01   8  341 341  0.0000E+00
HCOOH        4.6026E+01   5  342 342  5.5700E+03
HCOOH+       4.6026E+01   5  343 343  0.0000E+00
HCOOH2+      4.7033E+01   6  344 344  0.0000E+00
HCOSH        6.2092E+01   5  345 345  0.0000E+00
HCP          4.3993E+01   3  346 346  2.0250E+03
HCP+         4.3993E+01   3  347 347  0.0000E+00
HCS          4.5085E+01   3  348 348  2.3500E+03
HCS+         4.5085E+01   3  349 349  0.0000E+00
HCSSH        7.8159E+01   5  350 350  3.7220E+03
HCSSH+       7.8159E+01   5  351 351  0.0000E+00
HCSSH2+      7.9167E+01   6  352 352  0.0000E+00
HNC          2.7026E+01   3  353 353  2.0500E+03
HNC+         2.7026E+01   3  354 354  0.0000E+00
HNC3         5.1048E+01   5  355 355  4.5800E+03
HNCH2OH      4.6049E+01   7  356 356  6.6170E+03
HNCHO        4.4033E+01   5  357 357  3.1330E+03
HNCHO+       4.4033E+01   5  358 358  0.0000E+00
HNCO         4.3025E+01   4  359 359  3.8140E+03
HNCO+        4.3025E+01   4  360 360  0.0000E+00
HNCOCHO      7.2043E+01   7  361 361  4.2830E+03
HNCOCHO+     7.2043E+01   7  362 362  0.0000E+00
HNCONH       5.8040E+01   6  363 363  4.2170E+03
HNCOOH       6.0032E+01   6  364 364  6.6530E+03
HNCOOH+      6.0032E+01   6  365 365  0.0000E+00
HNCS         5.9092E+01   4  366 366  3.4330E+03
HNCS+        5.9092E+01   4  367 367  0.0000E+00
HNCSH+       6.0100E+01   5  368 368  0.0000E+00
HNO          3.1014E+01   3  369 369  3.0140E+03
HNO+         3.1014E+01   3  370 370  0.0000E+00
HNOH         3.2022E+01   4  371 371  4.3830E+03
HNOH+        3.2022E+01   4  372 372  0.0000E+00
HNS+         4.7081E+01   3  373 373  0.0000E+00
HNSi         4.3100E+01   3  374 374  4.2330E+03
HNSi+        4.3100E+01   3  375 375  0.0000E+00
HO2          3.3007E+01   3  376 376  4.6140E+03
HOC          2.9018E+01   3  377 377  3.6500E+03
HOC+         2.9018E+01   3  378 378  0.0000E+00
HOCH2CO      5.9044E+01   7  379 379  6.2340E+03
HOCH2CO+     5.9044E+01   7  380 380  0.0000E+00
HOCH2OH      4.8041E+01   7  381 381  7.9340E+03
HOCH2OH+     4.8041E+01   7  382 382  0.0000E+00
HOCN         4.3025E+01   4  383 383  0.0000E+00
HOCO+        4.5018E+01   4  384 384  0.0000E+00
HOCOOH       6.2025E+01   6  385 385  7.9700E+03
HOCOOH+      6.2025E+01   6  386 386  0.0000E+00
HOCOOH2+     6.3033E+01   7  387 387  0.0000E+00
HOCS+        6.1084E+01   4  388 388  0.0000E+00
HOCSH+       6.2092E+01   5  389 389  0.0000E+00
HON          3.1014E+01   3  390 390  0.0000E+00
HPN+         4.5988E+01   3  391 391  0.0000E+00
HPO          4.7981E+01   3  392 392  3.3140E+03
HPO+         4.7981E+01   3  393 393  0.0000E+00
HS           3.3074E+01   2  394 394  1.3720E+03
HS+          3.3074E+01   2  395 395  0.0000E+00
HSCN         5.9092E+01   4  396 396  2.9720E+03
HSCN+        5.9092E+01   4  397 397  0.0000E+00
HSCS+        7.7151E+01   4  398 398  0.0000E+00
HSO          4.9073E+01   3  399 399  3.3140E+03
HSO+         4.9073E+01   3  400 400  0.0000E+00
HSO2+        6.5073E+01   4  401 401  0.0000E+00
HSiO+        4.5093E+01   3  402 402  0.0000E+00
HSiO2+       6.1092E+01   4  403 403  0.0000E+00
HSiS+        6.1159E+01   3  404 404  0.0000E+00
He           4.0026E+00   1  405 405  1.0000E+02
He+          4.0026E+00   1  406 406  0.0000E+00
HeH+         5.0105E+00   2  407 407  0.0000E+00
Mg           2.4305E+01   1  408 408  5.3000E+03
Mg+          2.4305E+01   1  409 409  0.0000E+00
MgH          2.5313E+01   2  410 410  5.7500E+03
MgH2         2.6321E+01   3  411 411  6.2000E+03
N            1.4007E+01   1  412 412  8.0000E+02
N+           1.4007E+01   1  413 413  0.0000E+00
N2           2.8013E+01   2  414 414  1.0000E+03
N2+          2.8013E+01   2  415 415  0.0000E+00
N2H          2.9021E+01   3  416 416  0.0000E+00
N2H+         2.9021E+01   3  417 417  0.0000E+00
N2H2         3.0029E+01   4  418 418  3.0670E+03
N2O          4.4013E+01   3  419 419  3.3640E+03
NC3H+        5.1048E+01   5  420 420  0.0000E+00
NCCN+        5.2035E+01   4  421 421  0.0000E+00
NH           1.5015E+01   2  422 422  1.5330E+03
NH+          1.5015E+01   2  423 423  0.0000E+00
NH2          1.6022E+01   3  424 424  2.2670E+03
NH2+         1.6022E+01   3  425 425  0.0000E+00
NH2CH2OH     4.7057E+01   8  426 426  0.0000E+00
NH2CH2SH     6.3123E+01   8  427 427  0.0000E+00
NH2CHO       4.5041E+01   6  428 428  3.8670E+03
NH2CHO+      4.5041E+01   6  429 429  0.0000E+00
NH2CHOH+     4.6049E+01   7  430 430  0.0000E+00
NH2CHS       6.1107E+01   6  431 431  4.6170E+03
NH2CHSH+     6.2115E+01   7  432 432  0.0000E+00
NH2CN        4.2040E+01   5  433 433  3.8670E+03
NH2CNH+      4.3048E+01   6  434 434  0.0000E+00
NH2CO        4.4033E+01   5  435 435  3.4170E+03
NH2CO+       4.4033E+01   5  436 436  0.0000E+00
NH2COCHO     7.3051E+01   8  437 437  0.0000E+00
NH2CONH      5.9047E+01   7  438 438  4.9500E+03
NH2CONH+     5.9047E+01   7  439 439  0.0000E+00
NH2CONH2     6.0055E+01   8  440 440  0.0000E+00
NH2COOH      6.1040E+01   7  441 441  7.3870E+03
NH2COOH+     6.1040E+01   7  442 442  0.0000E+00
NH2CS        6.0100E+01   5  443 443  4.1670E+03
NH2CS+       6.0100E+01   5  444 444  0.0000E+00
NH2NH        3.1037E+01   5  445 445  3.8000E+03
NH2NH+       3.1037E+01   5  446 446  0.0000E+00
NH2NH2       3.2045E+01   6  447 447  4.5330E+03
NH2NH2+      3.2045E+01   6  448 448  0.0000E+00
NH2NH2H+     3.3053E+01   7  449 449  0.0000E+00
NH2NO        4.6029E+01   5  450 450  0.0000E+00
NH2OCH3      4.7057E+01   8  451 451  4.7670E+03
NH2OCH3+     4.7057E+01   8  452 452  0.0000E+00
NH2OH        3.3030E+01   5  453 453  5.1170E+03
NH2OH+       3.3030E+01   5  454 454  0.0000E+00
NH3          1.7030E+01   4  455 455  3.0000E+03
NH3+         1.7030E+01   4  456 456  0.0000E+00
NH3OH+       3.4038E+01   6  457 457  0.0000E+00
NH4+         1.8038E+01   5  458 458  0.0000E+00
NHCONH+      5.8040E+01   6  459 459  0.0000E+00
NHNO         4.5021E+01   4  460 460  0.0000E+00
NO           3.0006E+01   2  461 461  2.5640E+03
NO+          3.0006E+01   2  462 462  0.0000E+00
NO2          4.6005E+01   3  463 463  4.3280E+03
NO2+         4.6005E+01   3  464 464  0.0000E+00
NS           4.6073E+01   2  465 465  1.9000E+03
NS+          4.6073E+01   2  466 466  0.0000E+00
Na           2.2990E+01   1  467 467  1.1800E+04
Na+          2.2990E+01   1  468 468  0.0000E+00
NaCN         4.9007E+01   3  469 469  0.0000E+00
NaH          2.3998E+01   2  470 470  1.2250E+04
NaH2+        2.5006E+01   3  471 471  0.0000E+00
NaH2O+       4.1005E+01   4  472 472  0.0000E+00
NaOH         3.9997E+01   3  473 473  1.4650E+04
O            1.5999E+01   1  474 474  1.6600E+03
O+           1.5999E+01   1  475 475  0.0000E+00
O-           1.5999E+01   1  476 476  0.0000E+00
O2           3.1999E+01   2  477 477  9.3000E+02
O2+          3.1999E+01   2  478 478  0.0000E+00
O2H+         3.3007E+01   3  479 479  0.0000E+00
O3           4.7998E+01   3  480 480  1.8330E+03
OCN          4.2017E+01   3  481 481  3.3640E+03
OCN+         4.2017E+01   3  482 482  0.0000E+00
OCS          6.0076E+01   3  483 483  2.8880E+03
OCS+         6.0076E+01   3  484 484  0.0000E+00
OCS2         9.2142E+01   4  485 485  0.0000E+00
OH           1.7007E+01   2  486 486  2.8500E+03
OH+          1.7007E+01   2  487 487  0.0000E+00
OH-          1.7007E+01   2  488 488  0.0000E+00
P            3.0974E+01   1  489 489  1.1000E+03
P+           3.0974E+01   1  490 490  0.0000E+00
PC2H2+       5.7012E+01   5  491 491  0.0000E+00
PC2H3+       5.8020E+01   6  492 492  0.0000E+00
PC2H4+       5.9027E+01   7  493 493  0.0000E+00
PC3H+        6.8015E+01   5  494 494  0.0000E+00
PC4H+        8.0026E+01   6  495 495  0.0000E+00
PC4H2+       8.1034E+01   7  496 496  0.0000E+00
PCH2+        4.5001E+01   4  497 497  0.0000E+00
PH           3.1982E+01   2  498 498  1.5500E+03
PH+          3.1982E+01   2  499 499  0.0000E+00
PH2          3.2990E+01   3  500 500  2.0000E+03
PH2+         3.2990E+01   3  501 501  0.0000E+00
PH3+         3.3998E+01   4  502 502  0.0000E+00
PN           4.4981E+01   2  503 503  1.9000E+03
PN+          4.4981E+01   2  504 504  0.0000E+00
PNH2+        4.6996E+01   4  505 505  0.0000E+00
PNH3+        4.8004E+01   5  506 506  0.0000E+00
PO           4.6973E+01   2  507 507  2.8640E+03
PO+          4.6973E+01   2  508 508  0.0000E+00
S            3.2066E+01   1  509 509  1.1000E+03
S+           3.2066E+01   1  510 510  0.0000E+00
S-           3.2066E+01   1  511 511  0.0000E+00
S2           6.4132E+01   2  512 512  5.5000E+02
S2+          6.4132E+01   2  513 513  0.0000E+00
S2H          6.5140E+01   3  514 514  1.0000E+03
S2H+         6.5140E+01   3  515 515  0.0000E+00
S2O          8.0131E+01   3  516 516  0.0000E+00
S3           9.6198E+01   3  517 517  1.1000E+03
S4           1.2826E+02   4  518 518  1.6500E+03
S5           1.6033E+02   5  519 519  2.2000E+03
S6           1.9240E+02   6  520 520  2.7500E+03
S7           2.2446E+02   7  521 521  3.3000E+03
S8           2.5653E+02   8  522 522  3.8500E+03
SO           4.8065E+01   2  523 523  2.8640E+03
SO+          4.8065E+01   2  524 524  0.0000E+00
SO2          6.4065E+01   3  525 525  3.4050E+03
SO2+         6.4065E+01   3  526 526  0.0000E+00
SO3          8.0064E+01   4  527 527  5.0650E+03
Si           2.8086E+01   1  528 528  2.7000E+03
Si+          2.8086E+01   1  529 529  0.0000E+00
SiC          4.0097E+01   2  530 530  3.5000E+03
SiC+         4.0097E+01   2  531 531  0.0000E+00
SiC2         5.2108E+01   3  532 532  4.3000E+03
SiC2+        5.2108E+01   3  533 533  0.0000E+00
SiC2H        5.3115E+01   4  534 534  4.8370E+03
SiC2H+       5.3115E+01   4  535 535  0.0000E+00
SiC2H2       5.4123E+01   5  536 536  5.2870E+03
SiC2H2+      5.4123E+01   5  537 537  0.0000E+00
SiC2H3+      5.5131E+01   6  538 538  0.0000E+00
SiC3         6.4118E+01   4  539 539  5.1000E+03
SiC3+        6.4118E+01   4  540 540  0.0000E+00
SiC3H        6.5126E+01   5  541 541  5.6370E+03
SiC3H+       6.5126E+01   5  542 542  0.0000E+00
SiC3H2+      6.6134E+01   6  543 543  0.0000E+00
SiC4         7.6129E+01   5  544 544  5.9000E+03
SiC4+        7.6129E+01   5  545 545  0.0000E+00
SiC4H+       7.7137E+01   6  546 546  0.0000E+00
SiCH         4.1104E+01   3  547 547  3.6250E+03
SiCH+        4.1104E+01   3  548 548  0.0000E+00
SiCH2        4.2112E+01   4  549 549  3.7500E+03
SiCH2+       4.2112E+01   4  550 550  0.0000E+00
SiCH3        4.3120E+01   5  551 551  3.8750E+03
SiCH3+       4.3120E+01   5  552 552  0.0000E+00
SiCH4+       4.4128E+01   6  553 553  0.0000E+00
SiH          2.9093E+01   2  554 554  3.1500E+03
SiH+         2.9093E+01   2  555 555  0.0000E+00
SiH2         3.0101E+01   3  556 556  3.6000E+03
SiH2+        3.0101E+01   3  557 557  0.0000E+00
SiH3         3.1109E+01   4  558 558  4.0500E+03
SiH3+        3.1109E+01   4  559 559  0.0000E+00
SiH4         3.2117E+01   5  560 560  4.5000E+03
SiH4+        3.2117E+01   5  561 561  0.0000E+00
SiH5+        3.3125E+01   6  562 562  0.0000E+00
SiN          4.2092E+01   2  563 563  3.5000E+03
SiN+         4.2092E+01   2  564 564  0.0000E+00
SiNC         5.4103E+01   3  565 565  4.3000E+03
SiNC+        5.4103E+01   3  566 566  0.0000E+00
SiNCH+       5.5111E+01   4  567 567  0.0000E+00
SiNH2+       4.4108E+01   4  568 568  0.0000E+00
SiO          4.4085E+01   2  569 569  4.4640E+03
SiO+         4.4085E+01   2  570 570  0.0000E+00
SiO2         6.0084E+01   3  571 571  6.2280E+03
SiS          6.0152E+01   2  572 572  3.8000E+03
SiS+         6.0152E+01   2  573 573  0.0000E+00
cH2C3O       5.4048E+01   6  574 574  3.6500E+03
cH2C3O+      5.4048E+01   6  575 575  0.0000E+00
cH2C3OH+     5.5056E+01   7  576 576  0.0000E+00
cSiC3        6.4118E+01   4  577 577  0.0000E+00
e-           0.0000E+00   0  578 578  0.0000E+00
gC           1.2011E+01   1  579   2  8.0000E+02
gC10         1.2011E+02  10  580   5  8.0000E+03
gC2          2.4022E+01   2  581   7  1.6000E+03
gC2H         2.5030E+01   3  582   9  2.1370E+03
gC2N         3.8029E+01   3  583  11  2.4000E+03
gC2NCH       5.1048E+01   5  584  13  4.5800E+03
gC2O         4.0021E+01   3  585  14  1.9500E+03
gC2S         5.6088E+01   3  586  17  1.0750E+03
gC3          3.6033E+01   3  587  19  2.4000E+03
gC3H         3.7041E+01   4  588  21  2.9370E+03
gC3H2        3.8049E+01   5  589  23  3.3870E+03
gC3H3        3.9057E+01   6  590  25  3.8370E+03
gC3H3N       5.3063E+01   7  591  27  5.4800E+03
gC3H4        4.0065E+01   7  592  29  4.2870E+03
gC3H5        4.1072E+01   8  593  32  0.0000E+00
gC3H6        4.2080E+01   9  594  34  0.0000E+00
gC3H7        4.3088E+01  10  595  35  0.0000E+00
gC3H8        4.4096E+01  11  596  36  0.0000E+00
gC3N         5.0040E+01   4  597  37  3.2000E+03
gC3O         5.2032E+01   4  598  39  2.7500E+03
gC3P         6.7007E+01   4  599  41  3.5000E+03
gC3S         6.8099E+01   4  600  42  1.8750E+03
gC4          4.8044E+01   4  601  44  3.2000E+03
gC4H         4.9052E+01   5  602  46  3.7370E+03
gC4H3        5.1068E+01   7  603  48  4.6370E+03
gC4H4        5.2076E+01   8  604  50  5.0870E+03
gC4H5        5.3083E+01   9  605  53  0.0000E+00
gC4H6        5.4091E+01  10  606  55  0.0000E+00
gC4N         6.2051E+01   5  607  57  4.0000E+03
gC4P         7.9018E+01   5  608  59  4.3000E+03
gC4S         8.0110E+01   5  609  61  2.6750E+03
gC5          6.0055E+01   5  610  63  4.0000E+03
gC5H         6.1063E+01   6  611  65  4.5370E+03
gC5H2        6.2071E+01   7  612  67  4.9870E+03
gC5H3        6.3079E+01   8  613  70  5.4370E+03
gC5H4        6.4087E+01   9  614  73  5.8870E+03
gC5N         7.4062E+01   6  615  78  4.8000E+03
gC5S         9.2121E+01   6  616  80  0.0000E+00
gC6          7.2066E+01   6  617  81  4.8000E+03
gC6H         7.3074E+01   7  618  83  5.3370E+03
gC6H2        7.4082E+01   8  619  85  5.7870E+03
gC6H3        7.5090E+01   9  620  87  6.2370E+03
gC6H4        7.6098E+01  10  621  89  6.6870E+03
gC6H6        7.8113E+01  12  622  93  7.5870E+03
gC7          8.4077E+01   7  623  95  5.6000E+03
gC7H         8.5085E+01   8  624  97  6.1370E+03
gC7H2        8.6093E+01   9  625  99  6.5870E+03
gC7H3        8.7101E+01  10  626 102  7.0370E+03
gC7H4        8.8109E+01  11  627 105  7.4870E+03
gC7N         9.8084E+01   8  628 109  6.4000E+03
gC8          9.6088E+01   8  629 111  6.4000E+03
gC8H         9.7096E+01   9  630 113  6.9370E+03
gC8H2        9.8104E+01  10  631 115  7.3870E+03
gC8H3        9.9112E+01  11  632 117  7.8370E+03
gC8H4        1.0012E+02  12  633 119  8.2870E+03
gC9          1.0810E+02   9  634 123  7.2000E+03
gC9H         1.0911E+02  10  635 125  7.7370E+03
gC9H2        1.1011E+02  11  636 127  8.1870E+03
gC9H3        1.1112E+02  12  637 130  8.6370E+03
gC9H4        1.1213E+02  13  638 133  9.0870E+03
gC9N         1.2211E+02  10  639 137  8.0000E+03
gCCP         5.4996E+01   3  640 139  2.7000E+03
gCH          1.3019E+01   2  641 141  9.2500E+02
gCH2         1.4027E+01   3  642 143  1.0500E+03
gCH2CO       4.2037E+01   5  643 145  2.2000E+03
gCH2NH       2.9041E+01   5  644 147  2.5830E+03
gCH2NH2      3.0049E+01   6  645 148  3.3170E+03
gCH2OH       3.1034E+01   5  646 149  5.0840E+03
gCH2PH       4.6009E+01   5  647 153  2.6000E+03
gCH2SH       4.7101E+01   5  648 156  2.0960E+03
gCH3         1.5035E+01   4  649 157  1.1750E+03
gCH3C3N      6.5074E+01   8  650 159  6.2800E+03
gCH3C4H      6.4087E+01   9  651 161  5.8870E+03
gCH3C5N      8.9096E+01  10  652 162  7.8800E+03
gCH3C6H      8.8109E+01  11  653 163  7.4870E+03
gCH3C7N      1.1312E+02  12  654 164  9.4800E+03
gCH3CH2      2.9061E+01   7  655 165  3.9370E+03
gCH3CH3      3.0069E+01   8  656 169  4.3870E+03
gCH3CHO      4.4053E+01   7  657 171  2.7750E+03
gCH3CN       4.1052E+01   6  658 173  4.6800E+03
gCH3CO       4.3045E+01   6  659 176  2.3250E+03
gCH3CONH     5.8060E+01   8  660 180  3.8580E+03
gCH3COOH     6.0052E+01   8  661 183  6.2950E+03
gCH3NH       3.0049E+01   6  662 185  2.7080E+03
gCH3NH2      3.1057E+01   7  663 187  3.4420E+03
gCH3O        3.1034E+01   5  664 190  2.5000E+03
gCH3OCH3     4.6069E+01   9  665 192  3.6750E+03
gCH3OCO      5.9044E+01   7  666 195  3.6500E+03
gCH3OH       3.2042E+01   6  667 199  5.5340E+03
gCH3ONH      4.6049E+01   7  668 202  4.0330E+03
gCH3OOH      4.8041E+01   7  669 205  5.3500E+03
gCH3S        4.7101E+01   5  670 208  3.2500E+03
gCH3SH       4.8109E+01   6  671 209  2.5460E+03
gCH4         1.6043E+01   5  672 212  1.3000E+03
gCHOCHO      5.8037E+01   6  673 215  3.2000E+03
gCN          2.6018E+01   2  674 218  1.6000E+03
gCNH2        2.8033E+01   4  675 222  0.0000E+00
gCO          2.8010E+01   2  676 223  1.1500E+03
gCO2         4.4010E+01   3  677 225  2.5750E+03
gCOCHO       5.7029E+01   5  678 227  2.7500E+03
gCOOH        4.5018E+01   4  679 229  5.1200E+03
gCP          4.2985E+01   2  680 231  1.9000E+03
gCS          4.4077E+01   2  681 233  1.9000E+03
gCS2         7.6143E+01   3  682 235  3.8000E+03
gCS3         1.0821E+02   4  683 237  0.0000E+00
gCSSH        7.7151E+01   4  684 238  4.2500E+03
gCl          3.5453E+01   1  685 239  3.0000E+03
gClC         4.7464E+01   2  686 241  3.8000E+03
gClH         3.6461E+01   2  687 244  3.4500E+03
gClO         5.1452E+01   2  688 247  4.7640E+03
gFe          5.5847E+01   1  689 249  4.2000E+03
gFeH         5.6855E+01   2  690 251  4.6500E+03
gFeS         8.7913E+01   2  691 252  0.0000E+00
gH           1.0079E+00   1  692 255  4.5000E+02
gH2          2.0158E+00   2  693 258  4.3000E+02
gH2C2H       2.7046E+01   5  694 260  3.0370E+03
gH2C2H2      2.8054E+01   6  695 262  3.4870E+03
gH2C2N       4.0044E+01   5  696 264  4.2300E+03
gH2C5N       7.6077E+01   8  697 267  6.6300E+03
gH2C7N       1.0010E+02  10  698 268  8.2300E+03
gH2C9N       1.2412E+02  12  699 269  9.8300E+03
gH2CN        2.8033E+01   4  700 270  2.5000E+03
gH2CO        3.0026E+01   4  701 273  2.0500E+03
gH2CS        4.6093E+01   4  702 275  2.8000E+03
gH2O         1.8015E+01   3  703 279  5.7000E+03
gH2O2        3.4015E+01   4  704 281  5.7000E+03
gH2S         3.4082E+01   3  705 283  2.7430E+03
gH2S2        6.6148E+01   4  706 285  3.1930E+03
gH2SO4       9.8079E+01   7  707 288  0.0000E+00
gH2SiO       4.6101E+01   4  708 289  5.3640E+03
gH3C5N       7.7085E+01   9  709 292  7.0800E+03
gH3C7N       1.0111E+02  11  710 293  8.6800E+03
gH3C9N       1.2513E+02  13  711 294  1.0280E+04
gH4C3N       5.4071E+01   8  712 300  5.9300E+03
gH5C3N       5.5079E+01   9  713 301  6.3800E+03
gHC2H        2.6038E+01   4  714 302  2.5870E+03
gHC2N        3.9037E+01   4  715 304  3.7800E+03
gHC2NC       5.1048E+01   5  716 306  4.5800E+03
gHC2O        4.1029E+01   4  717 308  2.4000E+03
gHC2S        5.7096E+01   4  718 309  1.5250E+03
gHC3N        5.1048E+01   5  719 311  4.5800E+03
gHC3NH       5.2055E+01   6  720 312  5.0300E+03
gHC3O        5.3040E+01   5  721 314  3.2000E+03
gHC3S        6.9107E+01   5  722 316  2.3250E+03
gHC4H        5.0060E+01   6  723 318  4.1870E+03
gHC5N        7.5070E+01   7  724 323  6.1800E+03
gHC7N        9.9092E+01   9  725 324  7.7800E+03
gHC9N        1.2311E+02  11  726 325  9.3800E+03
gHCCP        5.6004E+01   4  727 326  3.1500E+03
gHCN         2.7026E+01   3  728 328  2.0500E+03
gHCNH        2.8033E+01   4  729 330  2.4580E+03
gHCNS        5.9092E+01   4  730 331  2.8250E+03
gHCO         2.9018E+01   3  731 334  1.6000E+03
gHCOCOOH     7.4036E+01   7  732 337  6.7200E+03
gHCOH        3.0026E+01   4  733 339  4.6340E+03
gHCOOCH3     6.0052E+01   8  734 340  4.1000E+03
gHCOOH       4.6026E+01   5  735 342  5.5700E+03
gHCOSH       6.2092E+01   5  736 345  0.0000E+00
gHCP         4.3993E+01   3  737 346  2.0250E+03
gHCS         4.5085E+01   3  738 348  2.3500E+03
gHCSSH       7.8159E+01   5  739 350  3.7220E+03
gHNC         2.7026E+01   3  740 353  2.0500E+03
gHNC3        5.1048E+01   5  741 355  4.5800E+03
gHNCH2OH     4.6049E+01   7  742 356  6.6170E+03
gHNCHO       4.4033E+01   5  743 357  3.1330E+03
gHNCO        4.3025E+01   4  744 359  3.8140E+03
gHNCOCHO     7.2043E+01   7  745 361  4.2830E+03
gHNCONH      5.8040E+01   6  746 363  4.2170E+03
gHNCOOH      6.0032E+01   6  747 364  6.6530E+03
gHNCS        5.9092E+01   4  748 366  3.4330E+03
gHNO         3.1014E+01   3  749 369  3.0140E+03
gHNOH        3.2022E+01   4  750 371  4.3830E+03
gHNSi        4.3100E+01   3  751 374  4.2330E+03
gHO2         3.3007E+01   3  752 376  4.6140E+03
gHOC         2.9018E+01   3  753 377  3.6500E+03
gHOCH2CO     5.9044E+01   7  754 379  6.2340E+03
gHOCH2OH     4.8041E+01   7  755 381  7.9340E+03
gHOCN        4.3025E+01   4  756 383  0.0000E+00
gHOCOOH      6.2025E+01   6  757 385  7.9700E+03
gHON         3.1014E+01   3  758 390  0.0000E+00
gHPO         4.7981E+01   3  759 392  3.3140E+03
gHS          3.3074E+01   2  760 394  1.3720E+03
gHSCN        5.9092E+01   4  761 396  2.9720E+03
gHSO         4.9073E+01   3  762 399  3.3140E+03
gHe          4.0026E+00   1  763 405  1.0000E+02
gMg          2.4305E+01   1  764 408  5.3000E+03
gMgH         2.5313E+01   2  765 410  5.7500E+03
gMgH2        2.6321E+01   3  766 411  6.2000E+03
gN           1.4007E+01   1  767 412  8.0000E+02
gN2          2.8013E+01   2  768 414  1.0000E+03
gN2H         2.9021E+01   3  769 416  0.0000E+00
gN2H2        3.0029E+01   4  770 418  3.0670E+03
gN2O         4.4013E+01   3  771 419  3.3640E+03
gNH          1.5015E+01   2  772 422  1.5330E+03
gNH2         1.6022E+01   3  773 424  2.2670E+03
gNH2CHO      4.5041E+01   6  774 428  3.8670E+03
gNH2CHS      6.1107E+01   6  775 431  4.6170E+03
gNH2CN       4.2040E+01   5  776 433  3.8670E+03
gNH2CO       4.4033E+01   5  777 435  3.4170E+03
gNH2CONH     5.9047E+01   7  778 438  4.9500E+03
gNH2COOH     6.1040E+01   7  779 441  7.3870E+03
gNH2CS       6.0100E+01   5  780 443  4.1670E+03
gNH2NH       3.1037E+01   5  781 445  3.8000E+03
gNH2NH2      3.2045E+01   6  782 447  4.5330E+03
gNH2NO       4.6029E+01   5  783 450  0.0000E+00
gNH2OCH3     4.7057E+01   8  784 451  4.7670E+03
gNH2OH       3.3030E+01   5  785 453  5.1170E+03
gNH3         1.7030E+01   4  786 455  3.0000E+03
gNHNO        4.5021E+01   4  787 460  0.0000E+00
gNO          3.0006E+01   2  788 461  2.5640E+03
gNO2         4.6005E+01   3  789 463  4.3280E+03
gNS          4.6073E+01   2  790 465  1.9000E+03
gNa          2.2990E+01   1  791 467  1.1800E+04
gNaCN        4.9007E+01   3  792 469  0.0000E+00
gNaH         2.3998E+01   2  793 470  1.2250E+04
gNaOH        3.9997E+01   3  794 473  1.4650E+04
gO           1.5999E+01   1  795 474  1.6600E+03
gO2          3.1999E+01   2  796 477  9.3000E+02
gO3          4.7998E+01   3  797 480  1.8330E+03
gOCN         4.2017E+01   3  798 481  3.3640E+03
gOCS         6.0076E+01   3  799 483  2.8880E+03
gOCS2        9.2142E+01   4  800 485  0.0000E+00
gOH          1.7007E+01   2  801 486  2.8500E+03
gP           3.0974E+01   1  802 489  1.1000E+03
gPH          3.1982E+01   2  803 498  1.5500E+03
gPH2         3.2990E+01   3  804 500  2.0000E+03
gPN          4.4981E+01   2  805 503  1.9000E+03
gPO          4.6973E+01   2  806 507  2.8640E+03
gS           3.2066E+01   1  807 509  1.1000E+03
gS2          6.4132E+01   2  808 512  5.5000E+02
gS2H         6.5140E+01   3  809 514  1.0000E+03
gS2O         8.0131E+01   3  810 516  0.0000E+00
gS3          9.6198E+01   3  811 517  1.1000E+03
gS4          1.2826E+02   4  812 518  1.6500E+03
gS5          1.6033E+02   5  813 519  2.2000E+03
gS6          1.9240E+02   6  814 520  2.7500E+03
gS7          2.2446E+02   7  815 521  3.3000E+03
gS8          2.5653E+02   8  816 522  3.8500E+03
gSO          4.8065E+01   2  817 523  2.8640E+03
gSO2         6.4065E+01   3  818 525  3.4050E+03
gSO3         8.0064E+01   4  819 527  5.0650E+03
gSi          2.8086E+01   1  820 528  2.7000E+03
gSiC         4.0097E+01   2  821 530  3.5000E+03
gSiC2        5.2108E+01   3  822 532  4.3000E+03
gSiC2H       5.3115E+01   4  823 534  4.8370E+03
gSiC2H2      5.4123E+01   5  824 536  5.2870E+03
gSiC3        6.4118E+01   4  825 539  5.1000E+03
gSiC3H       6.5126E+01   5  826 541  5.6370E+03
gSiC4        7.6129E+01   5  827 544  5.9000E+03
gSiCH        4.1104E+01   3  828 547  3.6250E+03
gSiCH2       4.2112E+01   4  829 549  3.7500E+03
gSiCH3       4.3120E+01   5  830 551  3.8750E+03
gSiH         2.9093E+01   2  831 554  3.1500E+03
gSiH2        3.0101E+01   3  832 556  3.6000E+03
gSiH3        3.1109E+01   4  833 558  4.0500E+03
gSiH4        3.2117E+01   5  834 560  4.5000E+03
gSiN         4.2092E+01   2  835 563  3.5000E+03
gSiNC        5.4103E+01   3  836 565  4.3000E+03
gSiO         4.4085E+01   2  837 569  4.4640E+03
gSiO2        6.0084E+01   3  838 571  6.2280E+03
gSiS         6.0152E+01   2  839 572  3.8000E+03
gcH2C3O      5.4048E+01   6  840 574  3.6500E+03
gHO3         4.9006E+01   4  841   1  6.2740E+03
bC           1.2011E+01   1  842   2  8.0000E+02
bC10         1.2011E+02  10  843   5  8.0000E+03
bC2          2.4022E+01   2  844   7  1.6000E+03
bC2H         2.5030E+01   3  845   9  2.1370E+03
bC2N         3.8029E+01   3  846  11  2.4000E+03
bC2NCH       5.1048E+01   5  847  13  4.5800E+03
bC2O         4.0021E+01   3  848  14  1.9500E+03
bC2S         5.6088E+01   3  849  17  1.0750E+03
bC3          3.6033E+01   3  850  19  2.4000E+03
bC3H         3.7041E+01   4  851  21  2.9370E+03
bC3H2        3.8049E+01   5  852  23  3.3870E+03
bC3H3        3.9057E+01   6  853  25  3.8370E+03
bC3H3N       5.3063E+01   7  854  27  5.4800E+03
bC3H4        4.0065E+01   7  855  29  4.2870E+03
bC3H5        4.1072E+01   8  856  32  0.0000E+00
bC3H6        4.2080E+01   9  857  34  0.0000E+00
bC3H7        4.3088E+01  10  858  35  0.0000E+00
bC3H8        4.4096E+01  11  859  36  0.0000E+00
bC3N         5.0040E+01   4  860  37  3.2000E+03
bC3O         5.2032E+01   4  861  39  2.7500E+03
bC3P         6.7007E+01   4  862  41  3.5000E+03
bC3S         6.8099E+01   4  863  42  1.8750E+03
bC4          4.8044E+01   4  864  44  3.2000E+03
bC4H         4.9052E+01   5  865  46  3.7370E+03
bC4H3        5.1068E+01   7  866  48  4.6370E+03
bC4H4        5.2076E+01   8  867  50  5.0870E+03
bC4H5        5.3083E+01   9  868  53  0.0000E+00
bC4H6        5.4091E+01  10  869  55  0.0000E+00
bC4N         6.2051E+01   5  870  57  4.0000E+03
bC4P         7.9018E+01   5  871  59  4.3000E+03
bC4S         8.0110E+01   5  872  61  2.6750E+03
bC5          6.0055E+01   5  873  63  4.0000E+03
bC5H         6.1063E+01   6  874  65  4.5370E+03
bC5H2        6.2071E+01   7  875  67  4.9870E+03
bC5H3        6.3079E+01   8  876  70  5.4370E+03
bC5H4        6.4087E+01   9  877  73  5.8870E+03
bC5N         7.4062E+01   6  878  78  4.8000E+03
bC5S         9.2121E+01   6  879  80  0.0000E+00
bC6          7.2066E+01   6  880  81  4.8000E+03
bC6H         7.3074E+01   7  881  83  5.3370E+03
bC6H2        7.4082E+01   8  882  85  5.7870E+03
bC6H3        7.5090E+01   9  883  87  6.2370E+03
bC6H4        7.6098E+01  10  884  89  6.6870E+03
bC6H6        7.8113E+01  12  885  93  7.5870E+03
bC7          8.4077E+01   7  886  95  5.6000E+03
bC7H         8.5085E+01   8  887  97  6.1370E+03
bC7H2        8.6093E+01   9  888  99  6.5870E+03
bC7H3        8.7101E+01  10  889 102  7.0370E+03
bC7H4        8.8109E+01  11  890 105  7.4870E+03
bC7N         9.8084E+01   8  891 109  6.4000E+03
bC8          9.6088E+01   8  892 111  6.4000E+03
bC8H         9.7096E+01   9  893 113  6.9370E+03
bC8H2        9.8104E+01  10  894 115  7.3870E+03
bC8H3        9.9112E+01  11  895 117  7.8370E+03
bC8H4        1.0012E+02  12  896 119  8.2870E+03
bC9          1.0810E+02   9  897 123  7.2000E+03
bC9H         1.0911E+02  10  898 125  7.7370E+03
bC9H2        1.1011E+02  11  899 127  8.1870E+03
bC9H3        1.1112E+02  12  900 130  8.6370E+03
bC9H4        1.1213E+02  13  901 133  9.0870E+03
bC9N         1.2211E+02  10  902 137  8.0000E+03
bCCP         5.4996E+01   3  903 139  2.7000E+03
bCH          1.3019E+01   2  904 141  9.2500E+02
bCH2         1.4027E+01   3  905 143  1.0500E+03
bCH2CO       4.2037E+01   5  906 145  2.2000E+03
bCH2NH       2.9041E+01   5  907 147  2.5830E+03
bCH2NH2      3.0049E+01   6  908 148  3.3170E+03
bCH2OH       3.1034E+01   5  909 149  5.0840E+03
bCH2PH       4.6009E+01   5  910 153  2.6000E+03
bCH2SH       4.7101E+01   5  911 156  2.0960E+03
bCH3         1.5035E+01   4  912 157  1.1750E+03
bCH3C3N      6.5074E+01   8  913 159  6.2800E+03
bCH3C4H      6.4087E+01   9  914 161  5.8870E+03
bCH3C5N      8.9096E+01  10  915 162  7.8800E+03
bCH3C6H      8.8109E+01  11  916 163  7.4870E+03
bCH3C7N      1.1312E+02  12  917 164  9.4800E+03
bCH3CH2      2.9061E+01   7  918 165  3.9370E+03
bCH3CH3      3.0069E+01   8  919 169  4.3870E+03
bCH3CHO      4.4053E+01   7  920 171  2.7750E+03
bCH3CN       4.1052E+01   6  921 173  4.6800E+03
bCH3CO       4.3045E+01   6  922 176  2.3250E+03
bCH3CONH     5.8060E+01   8  923 180  3.8580E+03
bCH3COOH     6.0052E+01   8  924 183  6.2950E+03
bCH3NH       3.0049E+01   6  925 185  2.7080E+03
bCH3NH2      3.1057E+01   7  926 187  3.4420E+03
bCH3O        3.1034E+01   5  927 190  2.5000E+03
bCH3OCH3     4.6069E+01   9  928 192  3.6750E+03
bCH3OCO      5.9044E+01   7  929 195  3.6500E+03
bCH3OH       3.2042E+01   6  930 199  5.5340E+03
bCH3ONH      4.6049E+01   7  931 202  4.0330E+03
bCH3OOH      4.8041E+01   7  932 205  5.3500E+03
bCH3S        4.7101E+01   5  933 208  3.2500E+03
bCH3SH       4.8109E+01   6  934 209  2.5460E+03
bCH4         1.6043E+01   5  935 212  1.3000E+03
bCHOCHO      5.8037E+01   6  936 215  3.2000E+03
bCN          2.6018E+01   2  937 218  1.6000E+03
bCNH2        2.8033E+01   4  938 222  0.0000E+00
bCO          2.8010E+01   2  939 223  1.1500E+03
bCO2         4.4010E+01   3  940 225  2.5750E+03
bCOCHO       5.7029E+01   5  941 227  2.7500E+03
bCOOH        4.5018E+01   4  942 229  5.1200E+03
bCP          4.2985E+01   2  943 231  1.9000E+03
bCS          4.4077E+01   2  944 233  1.9000E+03
bCS2         7.6143E+01   3  945 235  3.8000E+03
bCS3         1.0821E+02   4  946 237  0.0000E+00
bCSSH        7.7151E+01   4  947 238  4.2500E+03
bCl          3.5453E+01   1  948 239  3.0000E+03
bClC         4.7464E+01   2  949 241  3.8000E+03
bClH         3.6461E+01   2  950 244  3.4500E+03
bClO         5.1452E+01   2  951 247  4.7640E+03
bFe          5.5847E+01   1  952 249  4.2000E+03
bFeH         5.6855E+01   2  953 251  4.6500E+03
bFeS         8.7913E+01   2  954 252  0.0000E+00
bH           1.0079E+00   1  955 255  4.5000E+02
bH2          2.0158E+00   2  956 258  4.3000E+02
bH2C2H       2.7046E+01   5  957 260  3.0370E+03
bH2C2H2      2.8054E+01   6  958 262  3.4870E+03
bH2C2N       4.0044E+01   5  959 264  4.2300E+03
bH2C5N       7.6077E+01   8  960 267  6.6300E+03
bH2C7N       1.0010E+02  10  961 268  8.2300E+03
bH2C9N       1.2412E+02  12  962 269  9.8300E+03
bH2CN        2.8033E+01   4  963 270  2.5000E+03
bH2CO        3.0026E+01   4  964 273  2.0500E+03
bH2CS        4.6093E+01   4  965 275  2.8000E+03
bH2O         1.8015E+01   3  966 279  5.7000E+03
bH2O2        3.4015E+01   4  967 281  5.7000E+03
bH2S         3.4082E+01   3  968 283  2.7430E+03
bH2S2        6.6148E+01   4  969 285  3.1930E+03
bH2SO4       9.8079E+01   7  970 288  0.0000E+00
bH2SiO       4.6101E+01   4  971 289  5.3640E+03
bH3C5N       7.7085E+01   9  972 292  7.0800E+03
bH3C7N       1.0111E+02  11  973 293  8.6800E+03
bH3C9N       1.2513E+02  13  974 294  1.0280E+04
bH4C3N       5.4071E+01   8  975 300  5.9300E+03
bH5C3N       5.5079E+01   9  976 301  6.3800E+03
bHC2H        2.6038E+01   4  977 302  2.5870E+03
bHC2N        3.9037E+01   4  978 304  3.7800E+03
bHC2NC       5.1048E+01   5  979 306  4.5800E+03
bHC2O        4.1029E+01   4  980 308  2.4000E+03
bHC2S        5.7096E+01   4  981 309  1.5250E+03
bHC3N        5.1048E+01   5  982 311  4.5800E+03
bHC3NH       5.2055E+01   6  983 312  5.0300E+03
bHC3O        5.3040E+01   5  984 314  3.2000E+03
bHC3S        6.9107E+01   5  985 316  2.3250E+03
bHC4H        5.0060E+01   6  986 318  4.1870E+03
bHC5N        7.5070E+01   7  987 323  6.1800E+03
bHC7N        9.9092E+01   9  988 324  7.7800E+03
bHC9N        1.2311E+02  11  989 325  9.3800E+03
bHCCP        5.6004E+01   4  990 326  3.1500E+03
bHCN         2.7026E+01   3  991 328  2.0500E+03
bHCNH        2.8033E+01   4  992 330  2.4580E+03
bHCNS        5.9092E+01   4  993 331  2.8250E+03
bHCO         2.9018E+01   3  994 334  1.6000E+03
bHCOCOOH     7.4036E+01   7  995 337  6.7200E+03
bHCOH        3.0026E+01   4  996 339  4.6340E+03
bHCOOCH3     6.0052E+01   8  997 340  4.1000E+03
bHCOOH       4.6026E+01   5  998 342  5.5700E+03
bHCOSH       6.2092E+01   5  999 345  0.0000E+00
bHCP         4.3993E+01   3 1000 346  2.0250E+03
bHCS         4.5085E+01   3 1001 348  2.3500E+03
bHCSSH       7.8159E+01   5 1002 350  3.7220E+03
bHNC         2.7026E+01   3 1003 353  2.0500E+03
bHNC3        5.1048E+01   5 1004 355  4.5800E+03
bHNCH2OH     4.6049E+01   7 1005 356  6.6170E+03
bHNCHO       4.4033E+01   5 1006 357  3.1330E+03
bHNCO        4.3025E+01   4 1007 359  3.8140E+03
bHNCOCHO     7.2043E+01   7 1008 361  4.2830E+03
bHNCONH      5.8040E+01   6 1009 363  4.2170E+03
bHNCOOH      6.0032E+01   6 1010 364  6.6530E+03
bHNCS        5.9092E+01   4 1011 366  3.4330E+03
bHNO         3.1014E+01   3 1012 369  3.0140E+03
bHNOH        3.2022E+01   4 1013 371  4.3830E+03
bHNSi        4.3100E+01   3 1014 374  4.2330E+03
bHO2         3.3007E+01   3 1015 376  4.6140E+03
bHOC         2.9018E+01   3 1016 377  3.6500E+03
bHOCH2CO     5.9044E+01   7 1017 379  6.2340E+03
bHOCH2OH     4.8041E+01   7 1018 381  7.9340E+03
bHOCN        4.3025E+01   4 1019 383  0.0000E+00
bHOCOOH      6.2025E+01   6 1020 385  7.9700E+03
bHON         3.1014E+01   3 1021 390  0.0000E+00
bHPO         4.7981E+01   3 1022 392  3.3140E+03
bHS          3.3074E+01   2 1023 394  1.3720E+03
bHSCN        5.9092E+01   4 1024 396  2.9720E+03
bHSO         4.9073E+01   3 1025 399  3.3140E+03
bHe          4.0026E+00   1 1026 405  1.0000E+02
bMg          2.4305E+01   1 1027 408  5.3000E+03
bMgH         2.5313E+01   2 1028 410  5.7500E+03
bMgH2        2.6321E+01   3 1029 411  6.2000E+03
bN           1.4007E+01   1 1030 412  8.0000E+02
bN2          2.8013E+01   2 1031 414  1.0000E+03
bN2H         2.9021E+01   3 1032 416  0.0000E+00
bN2H2        3.0029E+01   4 1033 418  3.0670E+03
bN2O         4.4013E+01   3 1034 419  3.3640E+03
bNH          1.5015E+01   2 1035 422  1.5330E+03
bNH2         1.6022E+01   3 1036 424  2.2670E+03
bNH2CHO      4.5041E+01   6 1037 428  3.8670E+03
bNH2CHS      6.1107E+01   6 1038 431  4.6170E+03
bNH2CN       4.2040E+01   5 1039 433  3.8670E+03
bNH2CO       4.4033E+01   5 1040 435  3.4170E+03
bNH2CONH     5.9047E+01   7 1041 438  4.9500E+03
bNH2COOH     6.1040E+01   7 1042 441  7.3870E+03
bNH2CS       6.0100E+01   5 1043 443  4.1670E+03
bNH2NH       3.1037E+01   5 1044 445  3.8000E+03
bNH2NH2      3.2045E+01   6 1045 447  4.5330E+03
bNH2NO       4.6029E+01   5 1046 450  0.0000E+00
bNH2OCH3     4.7057E+01   8 1047 451  4.7670E+03
bNH2OH       3.3030E+01   5 1048 453  5.1170E+03
bNH3         1.7030E+01   4 1049 455  3.0000E+03
bNHNO        4.5021E+01   4 1050 460  0.0000E+00
bNO          3.0006E+01   2 1051 461  2.5640E+03
bNO2         4.6005E+01   3 1052 463  4.3280E+03
bNS          4.6073E+01   2 1053 465  1.9000E+03
bNa          2.2990E+01   1 1054 467  1.1800E+04
bNaCN        4.9007E+01   3 1055 469  0.0000E+00
bNaH         2.3998E+01   2 1056 470  1.2250E+04
bNaOH        3.9997E+01   3 1057 473  1.4650E+04
bO           1.5999E+01   1 1058 474  1.6600E+03
bO2          3.1999E+01   2 1059 477  9.3000E+02
bO3          4.7998E+01   3 1060 480  1.8330E+03
bOCN         4.2017E+01   3 1061 481  3.3640E+03
bOCS         6.0076E+01   3 1062 483  2.8880E+03
bOCS2        9.2142E+01   4 1063 485  0.0000E+00
bOH          1.7007E+01   2 1064 486  2.8500E+03
bP           3.0974E+01   1 1065 489  1.1000E+03
bPH          3.1982E+01   2 1066 498  1.5500E+03
bPH2         3.2990E+01   3 1067 500  2.0000E+03
bPN          4.4981E+01   2 1068 503  1.9000E+03
bPO          4.6973E+01   2 1069 507  2.8640E+03
bS           3.2066E+01   1 1070 509  1.1000E+03
bS2          6.4132E+01   2 1071 512  5.5000E+02
bS2H         6.5140E+01   3 1072 514  1.0000E+03
bS2O         8.0131E+01   3 1073 516  0.0000E+00
bS3          9.6198E+01   3 1074 517  1.1000E+03
bS4          1.2826E+02   4 1075 518  1.6500E+03
bS5          1.6033E+02   5 1076 519  2.2000E+03
bS6          1.9240E+02   6 1077 520  2.7500E+03
bS7          2.2446E+02   7 1078 521  3.3000E+03
bS8          2.5653E+02   8 1079 522  3.8500E+03
bSO          4.8065E+01   2 1080 523  2.8640E+03
bSO2         6.4065E+01   3 1081 525  3.4050E+03
bSO3         8.0064E+01   4 1082 527  5.0650E+03
bSi          2.8086E+01   1 1083 528  2.7000E+03
bSiC         4.0097E+01   2 1084 530  3.5000E+03
bSiC2        5.2108E+01   3 1085 532  4.3000E+03
bSiC2H       5.3115E+01   4 1086 534  4.8370E+03
bSiC2H2      5.4123E+01   5 1087 536  5.2870E+03
bSiC3        6.4118E+01   4 1088 539  5.1000E+03
bSiC3H       6.5126E+01   5 1089 541  5.6370E+03
bSiC4        7.6129E+01   5 1090 544  5.9000E+03
bSiCH        4.1104E+01   3 1091 547  3.6250E+03
bSiCH2       4.2112E+01   4 1092 549  3.7500E+03
bSiCH3       4.3120E+01   5 1093 551  3.8750E+03
bSiH         2.9093E+01   2 1094 554  3.1500E+03
bSiH2        3.0101E+01   3 1095 556  3.6000E+03
bSiH3        3.1109E+01   4 1096 558  4.0500E+03
bSiH4        3.2117E+01   5 1097 560  4.5000E+03
bSiN         4.2092E+01   2 1098 563  3.5000E+03
bSiNC        5.4103E+01   3 1099 565  4.3000E+03
bSiO         4.4085E+01   2 1100 569  4.4640E+03
bSiO2        6.0084E+01   3 1101 571  6.2280E+03
bSiS         6.0152E+01   2 1102 572  3.8000E+03
bcH2C3O      5.4048E+01   6 1103 574  3.6500E+03
bHO3         4.9006E+01   4 1104   1  6.2740E+03
gC*          1.2011E+01   1 1105   2  8.0000E+02
gC10*        1.2011E+02  10 1106   5  8.0000E+03
gC2*         2.4022E+01   2 1107   7  1.6000E+03
gC2H*        2.5030E+01   3 1108   9  2.1370E+03
gC2N*        3.8029E+01   3 1109  11  2.4000E+03
gC2NCH*      5.1048E+01   5 1110  13  4.5800E+03
gC2O*        4.0021E+01   3 1111  14  1.9500E+03
gC2S*        5.6088E+01   3 1112  17  1.0750E+03
gC3*         3.6033E+01   3 1113  19  2.4000E+03
gC3H*        3.7041E+01   4 1114  21  2.9370E+03
gC3H2*       3.8049E+01   5 1115  23  3.3870E+03
gC3H3*       3.9057E+01   6 1116  25  3.8370E+03
gC3H3N*      5.3063E+01   7 1117  27  5.4800E+03
gC3H4*       4.0065E+01   7 1118  29  4.2870E+03
gC3H5*       4.1072E+01   8 1119  32  0.0000E+00
gC3H6*       4.2080E+01   9 1120  34  0.0000E+00
gC3H7*       4.3088E+01  10 1121  35  0.0000E+00
gC3H8*       4.4096E+01  11 1122  36  0.0000E+00
gC3N*        5.0040E+01   4 1123  37  3.2000E+03
gC3O*        5.2032E+01   4 1124  39  2.7500E+03
gC3P*        6.7007E+01   4 1125  41  3.5000E+03
gC3S*        6.8099E+01   4 1126  42  1.8750E+03
gC4*         4.8044E+01   4 1127  44  3.2000E+03
gC4H*        4.9052E+01   5 1128  46  3.7370E+03
gC4H3*       5.1068E+01   7 1129  48  4.6370E+03
gC4H4*       5.2076E+01   8 1130  50  5.0870E+03
gC4H5*       5.3083E+01   9 1131  53  0.0000E+00
gC4H6*       5.4091E+01  10 1132  55  0.0000E+00
gC4N*        6.2051E+01   5 1133  57  4.0000E+03
gC4P*        7.9018E+01   5 1134  59  4.3000E+03
gC4S*        8.0110E+01   5 1135  61  2.6750E+03
gC5*         6.0055E+01   5 1136  63  4.0000E+03
gC5H*        6.1063E+01   6 1137  65  4.5370E+03
gC5H2*       6.2071E+01   7 1138  67  4.9870E+03
gC5H3*       6.3079E+01   8 1139  70  5.4370E+03
gC5H4*       6.4087E+01   9 1140  73  5.8870E+03
gC5N*        7.4062E+01   6 1141  78  4.8000E+03
gC5S*        9.2121E+01   6 1142  80  0.0000E+00
gC6*         7.2066E+01   6 1143  81  4.8000E+03
gC6H*        7.3074E+01   7 1144  83  5.3370E+03
gC6H2*       7.4082E+01   8 1145  85  5.7870E+03
gC6H3*       7.5090E+01   9 1146  87  6.2370E+03
gC6H4*       7.6098E+01  10 1147  89  6.6870E+03
gC6H6*       7.8113E+01  12 1148  93  7.5870E+03
gC7*         8.4077E+01   7 1149  95  5.6000E+03
gC7H*        8.5085E+01   8 1150  97  6.1370E+03
gC7H2*       8.6093E+01   9 1151  99  6.5870E+03
gC7H3*       8.7101E+01  10 1152 102  7.0370E+03
gC7H4*       8.8109E+01  11 1153 105  7.4870E+03
gC7N*        9.8084E+01   8 1154 109  6.4000E+03
gC8*         9.6088E+01   8 1155 111  6.4000E+03
gC8H*        9.7096E+01   9 1156 113  6.9370E+03
gC8H2*       9.8104E+01  10 1157 115  7.3870E+03
gC8H3*       9.9112E+01  11 1158 117  7.8370E+03
gC8H4*       1.0012E+02  12 1159 119  8.2870E+03
gC9*         1.0810E+02   9 1160 123  7.2000E+03
gC9H*        1.0911E+02  10 1161 125  7.7370E+03
gC9H2*       1.1011E+02  11 1162 127  8.1870E+03
gC9H3*       1.1112E+02  12 1163 130  8.6370E+03
gC9H4*       1.1213E+02  13 1164 133  9.0870E+03
gC9N*        1.2211E+02  10 1165 137  8.0000E+03
gCCP*        5.4996E+01   3 1166 139  2.7000E+03
gCH*         1.3019E+01   2 1167 141  9.2500E+02
gCH2*        1.4027E+01   3 1168 143  1.0500E+03
gCH2CO*      4.2037E+01   5 1169 145  2.2000E+03
gCH2NH*      2.9041E+01   5 1170 147  2.5830E+03
gCH2NH2*     3.0049E+01   6 1171 148  3.3170E+03
gCH2OH*      3.1034E+01   5 1172 149  5.0840E+03
gCH2PH*      4.6009E+01   5 1173 153  2.6000E+03
gCH2SH*      4.7101E+01   5 1174 156  2.0960E+03
gCH3*        1.5035E+01   4 1175 157  1.1750E+03
gCH3C3N*     6.5074E+01   8 1176 159  6.2800E+03
gCH3C4H*     6.4087E+01   9 1177 161  5.8870E+03
gCH3C5N*     8.9096E+01  10 1178 162  7.8800E+03
gCH3C6H*     8.8109E+01  11 1179 163  7.4870E+03
gCH3C7N*     1.1312E+02  12 1180 164  9.4800E+03
gCH3CH2*     2.9061E+01   7 1181 165  3.9370E+03
gCH3CH3*     3.0069E+01   8 1182 169  4.3870E+03
gCH3CHO*     4.4053E+01   7 1183 171  2.7750E+03
gCH3CN*      4.1052E+01   6 1184 173  4.6800E+03
gCH3CO*      4.3045E+01   6 1185 176  2.3250E+03
gCH3CONH*    5.8060E+01   8 1186 180  3.8580E+03
gCH3COOH*    6.0052E+01   8 1187 183  6.2950E+03
gCH3NH*      3.0049E+01   6 1188 185  2.7080E+03
gCH3NH2*     3.1057E+01   7 1189 187  3.4420E+03
gCH3O*       3.1034E+01   5 1190 190  2.5000E+03
gCH3OCH3*    4.6069E+01   9 1191 192  3.6750E+03
gCH3OCO*     5.9044E+01   7 1192 195  3.6500E+03
gCH3OH*      3.2042E+01   6 1193 199  5.5340E+03
gCH3ONH*     4.6049E+01   7 1194 202  4.0330E+03
gCH3OOH*     4.8041E+01   7 1195 205  5.3500E+03
gCH3S*       4.7101E+01   5 1196 208  3.2500E+03
gCH3SH*      4.8109E+01   6 1197 209  2.5460E+03
gCH4*        1.6043E+01   5 1198 212  1.3000E+03
gCHOCHO*     5.8037E+01   6 1199 215  3.2000E+03
gCN*         2.6018E+01   2 1200 218  1.6000E+03
gCNH2*       2.8033E+01   4 1201 222  0.0000E+00
gCO*         2.8010E+01   2 1202 223  1.1500E+03
gCO2*        4.4010E+01   3 1203 225  2.5750E+03
gCOCHO*      5.7029E+01   5 1204 227  2.7500E+03
gCOOH*       4.5018E+01   4 1205 229  5.1200E+03
gCP*         4.2985E+01   2 1206 231  1.9000E+03
gCS*         4.4077E+01   2 1207 233  1.9000E+03
gCS2*        7.6143E+01   3 1208 235  3.8000E+03
gCS3*        1.0821E+02   4 1209 237  0.0000E+00
gCSSH*       7.7151E+01   4 1210 238  4.2500E+03
gCl*         3.5453E+01   1 1211 239  3.0000E+03
gClC*        4.7464E+01   2 1212 241  3.8000E+03
gClH*        3.6461E+01   2 1213 244  3.4500E+03
gClO*        5.1452E+01   2 1214 247  4.7640E+03
gFe*         5.5847E+01   1 1215 249  4.2000E+03
gFeH*        5.6855E+01   2 1216 251  4.6500E+03
gFeS*        8.7913E+01   2 1217 252  0.0000E+00
gH*          1.0079E+00   1 1218 255  4.5000E+02
gH2*         2.0158E+00   2 1219 258  4.3000E+02
gH2C2H*      2.7046E+01   5 1220 260  3.0370E+03
gH2C2H2*     2.8054E+01   6 1221 262  3.4870E+03
gH2C2N*      4.0044E+01   5 1222 264  4.2300E+03
gH2C5N*      7.6077E+01   8 1223 267  6.6300E+03
gH2C7N*      1.0010E+02  10 1224 268  8.2300E+03
gH2C9N*      1.2412E+02  12 1225 269  9.8300E+03
gH2CN*       2.8033E+01   4 1226 270  2.5000E+03
gH2CO*       3.0026E+01   4 1227 273  2.0500E+03
gH2CS*       4.6093E+01   4 1228 275  2.8000E+03
gH2O*        1.8015E+01   3 1229 279  5.7000E+03
gH2O2*       3.4015E+01   4 1230 281  5.7000E+03
gH2S*        3.4082E+01   3 1231 283  2.7430E+03
gH2S2*       6.6148E+01   4 1232 285  3.1930E+03
gH2SO4*      9.8079E+01   7 1233 288  0.0000E+00
gH2SiO*      4.6101E+01   4 1234 289  5.3640E+03
gH3C5N*      7.7085E+01   9 1235 292  7.0800E+03
gH3C7N*      1.0111E+02  11 1236 293  8.6800E+03
gH3C9N*      1.2513E+02  13 1237 294  1.0280E+04
gH4C3N*      5.4071E+01   8 1238 300  5.9300E+03
gH5C3N*      5.5079E+01   9 1239 301  6.3800E+03
gHC2H*       2.6038E+01   4 1240 302  2.5870E+03
gHC2N*       3.9037E+01   4 1241 304  3.7800E+03
gHC2NC*      5.1048E+01   5 1242 306  4.5800E+03
gHC2O*       4.1029E+01   4 1243 308  2.4000E+03
gHC2S*       5.7096E+01   4 1244 309  1.5250E+03
gHC3N*       5.1048E+01   5 1245 311  4.5800E+03
gHC3NH*      5.2055E+01   6 1246 312  5.0300E+03
gHC3O*       5.3040E+01   5 1247 314  3.2000E+03
gHC3S*       6.9107E+01   5 1248 316  2.3250E+03
gHC4H*       5.0060E+01   6 1249 318  4.1870E+03
gHC5N*       7.5070E+01   7 1250 323  6.1800E+03
gHC7N*       9.9092E+01   9 1251 324  7.7800E+03
gHC9N*       1.2311E+02  11 1252 325  9.3800E+03
gHCCP*       5.6004E+01   4 1253 326  3.1500E+03
gHCN*        2.7026E+01   3 1254 328  2.0500E+03
gHCNH*       2.8033E+01   4 1255 330  2.4580E+03
gHCNS*       5.9092E+01   4 1256 331  2.8250E+03
gHCO*        2.9018E+01   3 1257 334  1.6000E+03
gHCOCOOH*    7.4036E+01   7 1258 337  6.7200E+03
gHCOH*       3.0026E+01   4 1259 339  4.6340E+03
gHCOOCH3*    6.0052E+01   8 1260 340  4.1000E+03
gHCOOH*      4.6026E+01   5 1261 342  5.5700E+03
gHCOSH*      6.2092E+01   5 1262 345  0.0000E+00
gHCP*        4.3993E+01   3 1263 346  2.0250E+03
gHCS*        4.5085E+01   3 1264 348  2.3500E+03
gHCSSH*      7.8159E+01   5 1265 350  3.7220E+03
gHNC*        2.7026E+01   3 1266 353  2.0500E+03
gHNC3*       5.1048E+01   5 1267 355  4.5800E+03
gHNCH2OH*    4.6049E+01   7 1268 356  6.6170E+03
gHNCHO*      4.4033E+01   5 1269 357  3.1330E+03
gHNCO*       4.3025E+01   4 1270 359  3.8140E+03
gHNCOCHO*    7.2043E+01   7 1271 361  4.2830E+03
gHNCONH*     5.8040E+01   6 1272 363  4.2170E+03
gHNCOOH*     6.0032E+01   6 1273 364  6.6530E+03
gHNCS*       5.9092E+01   4 1274 366  3.4330E+03
gHNO*        3.1014E+01   3 1275 369  3.0140E+03
gHNOH*       3.2022E+01   4 1276 371  4.3830E+03
gHNSi*       4.3100E+01   3 1277 374  4.2330E+03
gHO2*        3.3007E+01   3 1278 376  4.6140E+03
gHOC*        2.9018E+01   3 1279 377  3.6500E+03
gHOCH2CO*    5.9044E+01   7 1280 379  6.2340E+03
gHOCH2OH*    4.8041E+01   7 1281 381  7.9340E+03
gHOCN*       4.3025E+01   4 1282 383  0.0000E+00
gHOCOOH*     6.2025E+01   6 1283 385  7.9700E+03
gHON*        3.1014E+01   3 1284 390  0.0000E+00
gHPO*        4.7981E+01   3 1285 392  3.3140E+03
gHS*         3.3074E+01   2 1286 394  1.3720E+03
gHSCN*       5.9092E+01   4 1287 396  2.9720E+03
gHSO*        4.9073E+01   3 1288 399  3.3140E+03
gHe*         4.0026E+00   1 1289 405  1.0000E+02
gMg*         2.4305E+01   1 1290 408  5.3000E+03
gMgH*        2.5313E+01   2 1291 410  5.7500E+03
gMgH2*       2.6321E+01   3 1292 411  6.2000E+03
gN*          1.4007E+01   1 1293 412  8.0000E+02
gN2*         2.8013E+01   2 1294 414  1.0000E+03
gN2H*        2.9021E+01   3 1295 416  0.0000E+00
gN2H2*       3.0029E+01   4 1296 418  3.0670E+03
gN2O*        4.4013E+01   3 1297 419  3.3640E+03
gNH*         1.5015E+01   2 1298 422  1.5330E+03
gNH2*        1.6022E+01   3 1299 424  2.2670E+03
gNH2CHO*     4.5041E+01   6 1300 428  3.8670E+03
gNH2CHS*     6.1107E+01   6 1301 431  4.6170E+03
gNH2CN*      4.2040E+01   5 1302 433  3.8670E+03
gNH2CO*      4.4033E+01   5 1303 435  3.4170E+03
gNH2CONH*    5.9047E+01   7 1304 438  4.9500E+03
gNH2COOH*    6.1040E+01   7 1305 441  7.3870E+03
gNH2CS*      6.0100E+01   5 1306 443  4.1670E+03
gNH2NH*      3.1037E+01   5 1307 445  3.8000E+03
gNH2NH2*     3.2045E+01   6 1308 447  4.5330E+03
gNH2NO*      4.6029E+01   5 1309 450  0.0000E+00
gNH2OCH3*    4.7057E+01   8 1310 451  4.7670E+03
gNH2OH*      3.3030E+01   5 1311 453  5.1170E+03
gNH3*        1.7030E+01   4 1312 455  3.0000E+03
gNHNO*       4.5021E+01   4 1313 460  0.0000E+00
gNO*         3.0006E+01   2 1314 461  2.5640E+03
gNO2*        4.6005E+01   3 1315 463  4.3280E+03
gNS*         4.6073E+01   2 1316 465  1.9000E+03
gNa*         2.2990E+01   1 1317 467  1.1800E+04
gNaCN*       4.9007E+01   3 1318 469  0.0000E+00
gNaH*        2.3998E+01   2 1319 470  1.2250E+04
gNaOH*       3.9997E+01   3 1320 473  1.4650E+04
gO*          1.5999E+01   1 1321 474  1.6600E+03
gO2*         3.1999E+01   2 1322 477  9.3000E+02
gO3*         4.7998E+01   3 1323 480  1.8330E+03
gOCN*        4.2017E+01   3 1324 481  3.3640E+03
gOCS*        6.0076E+01   3 1325 483  2.8880E+03
gOCS2*       9.2142E+01   4 1326 485  0.0000E+00
gOH*         1.7007E+01   2 1327 486  2.8500E+03
gP*          3.0974E+01   1 1328 489  1.1000E+03
gPH*         3.1982E+01   2 1329 498  1.5500E+03
gPH2*        3.2990E+01   3 1330 500  2.0000E+03
gPN*         4.4981E+01   2 1331 503  1.9000E+03
gPO*         4.6973E+01   2 1332 507  2.8640E+03
gS*          3.2066E+01   1 1333 509  1.1000E+03
gS2*         6.4132E+01   2 1334 512  5.5000E+02
gS2H*        6.5140E+01   3 1335 514  1.0000E+03
gS2O*        8.0131E+01   3 1336 516  0.0000E+00
gS3*         9.6198E+01   3 1337 517  1.1000E+03
gS4*         1.2826E+02   4 1338 518  1.6500E+03
gS5*         1.6033E+02   5 1339 519  2.2000E+03
gS6*         1.9240E+02   6 1340 520  2.7500E+03
gS7*         2.2446E+02   7 1341 521  3.3000E+03
gS8*         2.5653E+02   8 1342 522  3.8500E+03
gSO*         4.8065E+01   2 1343 523  2.8640E+03
gSO2*        6.4065E+01   3 1344 525  3.4050E+03
gSO3*        8.0064E+01   4 1345 527  5.0650E+03
gSi*         2.8086E+01   1 1346 528  2.7000E+03
gSiC*        4.0097E+01   2 1347 530  3.5000E+03
gSiC2*       5.2108E+01   3 1348 532  4.3000E+03
gSiC2H*      5.3115E+01   4 1349 534  4.8370E+03
gSiC2H2*     5.4123E+01   5 1350 536  5.2870E+03
gSiC3*       6.4118E+01   4 1351 539  5.1000E+03
gSiC3H*      6.5126E+01   5 1352 541  5.6370E+03
gSiC4*       7.6129E+01   5 1353 544  5.9000E+03
gSiCH*       4.1104E+01   3 1354 547  3.6250E+03
gSiCH2*      4.2112E+01   4 1355 549  3.7500E+03
gSiCH3*      4.3120E+01   5 1356 551  3.8750E+03
gSiH*        2.9093E+01   2 1357 554  3.1500E+03
gSiH2*       3.0101E+01   3 1358 556  3.6000E+03
gSiH3*       3.1109E+01   4 1359 558  4.0500E+03
gSiH4*       3.2117E+01   5 1360 560  4.5000E+03
gSiN*        4.2092E+01   2 1361 563  3.5000E+03
gSiNC*       5.4103E+01   3 1362 565  4.3000E+03
gSiO*        4.4085E+01   2 1363 569  4.4640E+03
gSiO2*       6.0084E+01   3 1364 571  6.2280E+03
gSiS*        6.0152E+01   2 1365 572  3.8000E+03
gcH2C3O*     5.4048E+01   6 1366 574  3.6500E+03
gHO3*        4.9006E+01   4 1367   1  6.2740E+03
bC*          1.2011E+01   1 1368   2  8.0000E+02
bC10*        1.2011E+02  10 1369   5  8.0000E+03
bC2*         2.4022E+01   2 1370   7  1.6000E+03
bC2H*        2.5030E+01   3 1371   9  2.1370E+03
bC2N*        3.8029E+01   3 1372  11  2.4000E+03
bC2NCH*      5.1048E+01   5 1373  13  4.5800E+03
bC2O*        4.0021E+01   3 1374  14  1.9500E+03
bC2S*        5.6088E+01   3 1375  17  1.0750E+03
bC3*         3.6033E+01   3 1376  19  2.4000E+03
bC3H*        3.7041E+01   4 1377  21  2.9370E+03
bC3H2*       3.8049E+01   5 1378  23  3.3870E+03
bC3H3*       3.9057E+01   6 1379  25  3.8370E+03
bC3H3N*      5.3063E+01   7 1380  27  5.4800E+03
bC3H4*       4.0065E+01   7 1381  29  4.2870E+03
bC3H5*       4.1072E+01   8 1382  32  0.0000E+00
bC3H6*       4.2080E+01   9 1383  34  0.0000E+00
bC3H7*       4.3088E+01  10 1384  35  0.0000E+00
bC3H8*       4.4096E+01  11 1385  36  0.0000E+00
bC3N*        5.0040E+01   4 1386  37  3.2000E+03
bC3O*        5.2032E+01   4 1387  39  2.7500E+03
bC3P*        6.7007E+01   4 1388  41  3.5000E+03
bC3S*        6.8099E+01   4 1389  42  1.8750E+03
bC4*         4.8044E+01   4 1390  44  3.2000E+03
bC4H*        4.9052E+01   5 1391  46  3.7370E+03
bC4H3*       5.1068E+01   7 1392  48  4.6370E+03
bC4H4*       5.2076E+01   8 1393  50  5.0870E+03
bC4H5*       5.3083E+01   9 1394  53  0.0000E+00
bC4H6*       5.4091E+01  10 1395  55  0.0000E+00
bC4N*        6.2051E+01   5 1396  57  4.0000E+03
bC4P*        7.9018E+01   5 1397  59  4.3000E+03
bC4S*        8.0110E+01   5 1398  61  2.6750E+03
bC5*         6.0055E+01   5 1399  63  4.0000E+03
bC5H*        6.1063E+01   6 1400  65  4.5370E+03
bC5H2*       6.2071E+01   7 1401  67  4.9870E+03
bC5H3*       6.3079E+01   8 1402  70  5.4370E+03
bC5H4*       6.4087E+01   9 1403  73  5.8870E+03
bC5N*        7.4062E+01   6 1404  78  4.8000E+03
bC5S*        9.2121E+01   6 1405  80  0.0000E+00
bC6*         7.2066E+01   6 1406  81  4.8000E+03
bC6H*        7.3074E+01   7 1407  83  5.3370E+03
bC6H2*       7.4082E+01   8 1408  85  5.7870E+03
bC6H3*       7.5090E+01   9 1409  87  6.2370E+03
bC6H4*       7.6098E+01  10 1410  89  6.6870E+03
bC6H6*       7.8113E+01  12 1411  93  7.5870E+03
bC7*         8.4077E+01   7 1412  95  5.6000E+03
bC7H*        8.5085E+01   8 1413  97  6.1370E+03
bC7H2*       8.6093E+01   9 1414  99  6.5870E+03
bC7H3*       8.7101E+01  10 1415 102  7.0370E+03
bC7H4*       8.8109E+01  11 1416 105  7.4870E+03
bC7N*        9.8084E+01   8 1417 109  6.4000E+03
bC8*         9.6088E+01   8 1418 111  6.4000E+03
bC8H*        9.7096E+01   9 1419 113  6.9370E+03
bC8H2*       9.8104E+01  10 1420 115  7.3870E+03
bC8H3*       9.9112E+01  11 1421 117  7.8370E+03
bC8H4*       1.0012E+02  12 1422 119  8.2870E+03
bC9*         1.0810E+02   9 1423 123  7.2000E+03
bC9H*        1.0911E+02  10 1424 125  7.7370E+03
bC9H2*       1.1011E+02  11 1425 127  8.1870E+03
bC9H3*       1.1112E+02  12 1426 130  8.6370E+03
bC9H4*       1.1213E+02  13 1427 133  9.0870E+03
bC9N*        1.2211E+02  10 1428 137  8.0000E+03
bCCP*        5.4996E+01   3 1429 139  2.7000E+03
bCH*         1.3019E+01   2 1430 141  9.2500E+02
bCH2*        1.4027E+01   3 1431 143  1.0500E+03
bCH2CO*      4.2037E+01   5 1432 145  2.2000E+03
bCH2NH*      2.9041E+01   5 1433 147  2.5830E+03
bCH2NH2*     3.0049E+01   6 1434 148  3.3170E+03
bCH2OH*      3.1034E+01   5 1435 149  5.0840E+03
bCH2PH*      4.6009E+01   5 1436 153  2.6000E+03
bCH2SH*      4.7101E+01   5 1437 156  2.0960E+03
bCH3*        1.5035E+01   4 1438 157  1.1750E+03
bCH3C3N*     6.5074E+01   8 1439 159  6.2800E+03
bCH3C4H*     6.4087E+01   9 1440 161  5.8870E+03
bCH3C5N*     8.9096E+01  10 1441 162  7.8800E+03
bCH3C6H*     8.8109E+01  11 1442 163  7.4870E+03
bCH3C7N*     1.1312E+02  12 1443 164  9.4800E+03
bCH3CH2*     2.9061E+01   7 1444 165  3.9370E+03
bCH3CH3*     3.0069E+01   8 1445 169  4.3870E+03
bCH3CHO*     4.4053E+01   7 1446 171  2.7750E+03
bCH3CN*      4.1052E+01   6 1447 173  4.6800E+03
bCH3CO*      4.3045E+01   6 1448 176  2.3250E+03
bCH3CONH*    5.8060E+01   8 1449 180  3.8580E+03
bCH3COOH*    6.0052E+01   8 1450 183  6.2950E+03
bCH3NH*      3.0049E+01   6 1451 185  2.7080E+03
bCH3NH2*     3.1057E+01   7 1452 187  3.4420E+03
bCH3O*       3.1034E+01   5 1453 190  2.5000E+03
bCH3OCH3*    4.6069E+01   9 1454 192  3.6750E+03
bCH3OCO*     5.9044E+01   7 1455 195  3.6500E+03
bCH3OH*      3.2042E+01   6 1456 199  5.5340E+03
bCH3ONH*     4.6049E+01   7 1457 202  4.0330E+03
bCH3OOH*     4.8041E+01   7 1458 205  5.3500E+03
bCH3S*       4.7101E+01   5 1459 208  3.2500E+03
bCH3SH*      4.8109E+01   6 1460 209  2.5460E+03
bCH4*        1.6043E+01   5 1461 212  1.3000E+03
bCHOCHO*     5.8037E+01   6 1462 215  3.2000E+03
bCN*         2.6018E+01   2 1463 218  1.6000E+03
bCNH2*       2.8033E+01   4 1464 222  0.0000E+00
bCO*         2.8010E+01   2 1465 223  1.1500E+03
bCO2*        4.4010E+01   3 1466 225  2.5750E+03
bCOCHO*      5.7029E+01   5 1467 227  2.7500E+03
bCOOH*       4.5018E+01   4 1468 229  5.1200E+03
bCP*         4.2985E+01   2 1469 231  1.9000E+03
bCS*         4.4077E+01   2 1470 233  1.9000E+03
bCS2*        7.6143E+01   3 1471 235  3.8000E+03
bCS3*        1.0821E+02   4 1472 237  0.0000E+00
bCSSH*       7.7151E+01   4 1473 238  4.2500E+03
bCl*         3.5453E+01   1 1474 239  3.0000E+03
bClC*        4.7464E+01   2 1475 241  3.8000E+03
bClH*        3.6461E+01   2 1476 244  3.4500E+03
bClO*        5.1452E+01   2 1477 247  4.7640E+03
bFe*         5.5847E+01   1 1478 249  4.2000E+03
bFeH*        5.6855E+01   2 1479 251  4.6500E+03
bFeS*        8.7913E+01   2 1480 252  0.0000E+00
bH*          1.0079E+00   1 1481 255  4.5000E+02
bH2*         2.0158E+00   2 1482 258  4.3000E+02
bH2C2H*      2.7046E+01   5 1483 260  3.0370E+03
bH2C2H2*     2.8054E+01   6 1484 262  3.4870E+03
bH2C2N*      4.0044E+01   5 1485 264  4.2300E+03
bH2C5N*      7.6077E+01   8 1486 267  6.6300E+03
bH2C7N*      1.0010E+02  10 1487 268  8.2300E+03
bH2C9N*      1.2412E+02  12 1488 269  9.8300E+03
bH2CN*       2.8033E+01   4 1489 270  2.5000E+03
bH2CO*       3.0026E+01   4 1490 273  2.0500E+03
bH2CS*       4.6093E+01   4 1491 275  2.8000E+03
bH2O*        1.8015E+01   3 1492 279  5.7000E+03
bH2O2*       3.4015E+01   4 1493 281  5.7000E+03
bH2S*        3.4082E+01   3 1494 283  2.7430E+03
bH2S2*       6.6148E+01   4 1495 285  3.1930E+03
bH2SO4*      9.8079E+01   7 1496 288  0.0000E+00
bH2SiO*      4.6101E+01   4 1497 289  5.3640E+03
bH3C5N*      7.7085E+01   9 1498 292  7.0800E+03
bH3C7N*      1.0111E+02  11 1499 293  8.6800E+03
bH3C9N*      1.2513E+02  13 1500 294  1.0280E+04
bH4C3N*      5.4071E+01   8 1501 300  5.9300E+03
bH5C3N*      5.5079E+01   9 1502 301  6.3800E+03
bHC2H*       2.6038E+01   4 1503 302  2.5870E+03
bHC2N*       3.9037E+01   4 1504 304  3.7800E+03
bHC2NC*      5.1048E+01   5 1505 306  4.5800E+03
bHC2O*       4.1029E+01   4 1506 308  2.4000E+03
bHC2S*       5.7096E+01   4 1507 309  1.5250E+03
bHC3N*       5.1048E+01   5 1508 311  4.5800E+03
bHC3NH*      5.2055E+01   6 1509 312  5.0300E+03
bHC3O*       5.3040E+01   5 1510 314  3.2000E+03
bHC3S*       6.9107E+01   5 1511 316  2.3250E+03
bHC4H*       5.0060E+01   6 1512 318  4.1870E+03
bHC5N*       7.5070E+01   7 1513 323  6.1800E+03
bHC7N*       9.9092E+01   9 1514 324  7.7800E+03
bHC9N*       1.2311E+02  11 1515 325  9.3800E+03
bHCCP*       5.6004E+01   4 1516 326  3.1500E+03
bHCN*        2.7026E+01   3 1517 328  2.0500E+03
bHCNH*       2.8033E+01   4 1518 330  2.4580E+03
bHCNS*       5.9092E+01   4 1519 331  2.8250E+03
bHCO*        2.9018E+01   3 1520 334  1.6000E+03
bHCOCOOH*    7.4036E+01   7 1521 337  6.7200E+03
bHCOH*       3.0026E+01   4 1522 339  4.6340E+03
bHCOOCH3*    6.0052E+01   8 1523 340  4.1000E+03
bHCOOH*      4.6026E+01   5 1524 342  5.5700E+03
bHCOSH*      6.2092E+01   5 1525 345  0.0000E+00
bHCP*        4.3993E+01   3 1526 346  2.0250E+03
bHCS*        4.5085E+01   3 1527 348  2.3500E+03
bHCSSH*      7.8159E+01   5 1528 350  3.7220E+03
bHNC*        2.7026E+01   3 1529 353  2.0500E+03
bHNC3*       5.1048E+01   5 1530 355  4.5800E+03
bHNCH2OH*    4.6049E+01   7 1531 356  6.6170E+03
bHNCHO*      4.4033E+01   5 1532 357  3.1330E+03
bHNCO*       4.3025E+01   4 1533 359  3.8140E+03
bHNCOCHO*    7.2043E+01   7 1534 361  4.2830E+03
bHNCONH*     5.8040E+01   6 1535 363  4.2170E+03
bHNCOOH*     6.0032E+01   6 1536 364  6.6530E+03
bHNCS*       5.9092E+01   4 1537 366  3.4330E+03
bHNO*        3.1014E+01   3 1538 369  3.0140E+03
bHNOH*       3.2022E+01   4 1539 371  4.3830E+03
bHNSi*       4.3100E+01   3 1540 374  4.2330E+03
bHO2*        3.3007E+01   3 1541 376  4.6140E+03
bHOC*        2.9018E+01   3 1542 377  3.6500E+03
bHOCH2CO*    5.9044E+01   7 1543 379  6.2340E+03
bHOCH2OH*    4.8041E+01   7 1544 381  7.9340E+03
bHOCN*       4.3025E+01   4 1545 383  0.0000E+00
bHOCOOH*     6.2025E+01   6 1546 385  7.9700E+03
bHON*        3.1014E+01   3 1547 390  0.0000E+00
bHPO*        4.7981E+01   3 1548 392  3.3140E+03
bHS*         3.3074E+01   2 1549 394  1.3720E+03
bHSCN*       5.9092E+01   4 1550 396  2.9720E+03
bHSO*        4.9073E+01   3 1551 399  3.3140E+03
bHe*         4.0026E+00   1 1552 405  1.0000E+02
bMg*         2.4305E+01   1 1553 408  5.3000E+03
bMgH*        2.5313E+01   2 1554 410  5.7500E+03
bMgH2*       2.6321E+01   3 1555 411  6.2000E+03
bN*          1.4007E+01   1 1556 412  8.0000E+02
bN2*         2.8013E+01   2 1557 414  1.0000E+03
bN2H*        2.9021E+01   3 1558 416  0.0000E+00
bN2H2*       3.0029E+01   4 1559 418  3.0670E+03
bN2O*        4.4013E+01   3 1560 419  3.3640E+03
bNH*         1.5015E+01   2 1561 422  1.5330E+03
bNH2*        1.6022E+01   3 1562 424  2.2670E+03
bNH2CHO*     4.5041E+01   6 1563 428  3.8670E+03
bNH2CHS*     6.1107E+01   6 1564 431  4.6170E+03
bNH2CN*      4.2040E+01   5 1565 433  3.8670E+03
bNH2CO*      4.4033E+01   5 1566 435  3.4170E+03
bNH2CONH*    5.9047E+01   7 1567 438  4.9500E+03
bNH2COOH*    6.1040E+01   7 1568 441  7.3870E+03
bNH2CS*      6.0100E+01   5 1569 443  4.1670E+03
bNH2NH*      3.1037E+01   5 1570 445  3.8000E+03
bNH2NH2*     3.2045E+01   6 1571 447  4.5330E+03
bNH2NO*      4.6029E+01   5 1572 450  0.0000E+00
bNH2OCH3*    4.7057E+01   8 1573 451  4.7670E+03
bNH2OH*      3.3030E+01   5 1574 453  5.1170E+03
bNH3*        1.7030E+01   4 1575 455  3.0000E+03
bNHNO*       4.5021E+01   4 1576 460  0.0000E+00
bNO*         3.0006E+01   2 1577 461  2.5640E+03
bNO2*        4.6005E+01   3 1578 463  4.3280E+03
bNS*         4.6073E+01   2 1579 465  1.9000E+03
bNa*         2.2990E+01   1 1580 467  1.1800E+04
bNaCN*       4.9007E+01   3 1581 469  0.0000E+00
bNaH*        2.3998E+01   2 1582 470  1.2250E+04
bNaOH*       3.9997E+01   3 1583 473  1.4650E+04
bO*          1.5999E+01   1 1584 474  1.6600E+03
bO2*         3.1999E+01   2 1585 477  9.3000E+02
bO3*         4.7998E+01   3 1586 480  1.8330E+03
bOCN*        4.2017E+01   3 1587 481  3.3640E+03
bOCS*        6.0076E+01   3 1588 483  2.8880E+03
bOCS2*       9.2142E+01   4 1589 485  0.0000E+00
bOH*         1.7007E+01   2 1590 486  2.8500E+03
bP*          3.0974E+01   1 1591 489  1.1000E+03
bPH*         3.1982E+01   2 1592 498  1.5500E+03
bPH2*        3.2990E+01   3 1593 500  2.0000E+03
bPN*         4.4981E+01   2 1594 503  1.9000E+03
bPO*         4.6973E+01   2 1595 507  2.8640E+03
bS*          3.2066E+01   1 1596 509  1.1000E+03
bS2*         6.4132E+01   2 1597 512  5.5000E+02
bS2H*        6.5140E+01   3 1598 514  1.0000E+03
bS2O*        8.0131E+01   3 1599 516  0.0000E+00
bS3*         9.6198E+01   3 1600 517  1.1000E+03
bS4*         1.2826E+02   4 1601 518  1.6500E+03
bS5*         1.6033E+02   5 1602 519  2.2000E+03
bS6*         1.9240E+02   6 1603 520  2.7500E+03
bS7*         2.2446E+02   7 1604 521  3.3000E+03
bS8*         2.5653E+02   8 1605 522  3.8500E+03
bSO*         4.8065E+01   2 1606 523  2.8640E+03
bSO2*        6.4065E+01   3 1607 525  3.4050E+03
bSO3*        8.0064E+01   4 1608 527  5.0650E+03
bSi*         2.8086E+01   1 1609 528  2.7000E+03
bSiC*        4.0097E+01   2 1610 530  3.5000E+03
bSiC2*       5.2108E+01   3 1611 532  4.3000E+03
bSiC2H*      5.3115E+01   4 1612 534  4.8370E+03
bSiC2H2*     5.4123E+01   5 1613 536  5.2870E+03
bSiC3*       6.4118E+01   4 1614 539  5.1000E+03
bSiC3H*      6.5126E+01   5 1615 541  5.6370E+03
bSiC4*       7.6129E+01   5 1616 544  5.9000E+03
bSiCH*       4.1104E+01   3 1617 547  3.6250E+03
bSiCH2*      4.2112E+01   4 1618 549  3.7500E+03
bSiCH3*      4.3120E+01   5 1619 551  3.8750E+03
bSiH*        2.9093E+01   2 1620 554  3.1500E+03
bSiH2*       3.0101E+01   3 1621 556  3.6000E+03
bSiH3*       3.1109E+01   4 1622 558  4.0500E+03
bSiH4*       3.2117E+01   5 1623 560  4.5000E+03
bSiN*        4.2092E+01   2 1624 563  3.5000E+03
bSiNC*       5.4103E+01   3 1625 565  4.3000E+03
bSiO*        4.4085E+01   2 1626 569  4.4640E+03
bSiO2*       6.0084E+01   3 1627 571  6.2280E+03
bSiS*        6.0152E+01   2 1628 572  3.8000E+03
bcH2C3O*     5.4048E+01   6 1629 574  3.6500E+03
bHO3*        4.9006E+01   4 1630   1  6.2740E+03
