  115 13 gO        gO                  gO2*                                                 0.00000E+00 0    0.00000E+00
  116 15 gO*       gO                  gO        gO                                         0.00000E+00 0    0.00000E+00
  117 16 bO*       bO                  bO        bO                                         0.00000E+00 0    0.00000E+00
  118 16 bO*       bO                  bO2*                                                 0.00000E+00 0    0.00000E+00
  119 15 gO*       gO                  gO2*                                                 0.00000E+00 0    0.00000E+00
  120 15 gO*       gO2                 gO3*                                                 0.00000E+00 0    0.00000E+00
  121 16 bO*       bO2                 bO3*                                                 0.00000E+00 0    0.00000E+00
  122 15 gO*       gO2                 gO        gO2                                        0.00000E+00 0    0.00000E+00
  123 16 bO*       bO2                 bO        bO2                                        0.00000E+00 0    0.00000E+00
  124 13 gO        gO3                 gO2       gO2                                        0.00000E+00 0    2.40000E+03
  125 14 bO        bO3                 bO2       bO2                                        0.00000E+00 0    2.40000E+03
  126 15 gO*       gO3                 gO2       gO2                                        0.00000E+00 0    0.00000E+00
  127 16 bO*       bO3                 bO2       bO2                                        0.00000E+00 0    0.00000E+00
  128 15 gO2*      gO                  gO3*                                                 0.00000E+00 0    0.00000E+00
  129 16 bO2*      bO                  bO3*                                                 0.00000E+00 0    0.00000E+00
  130 15 gO2*      gO                  gO2       gO                                         0.00000E+00 0    0.00000E+00
  131 16 bO2*      bO                  bO2       bO                                         0.00000E+00 0    0.00000E+00
  132 15 gO2*      gO2                 gO2       gO2                                        0.00000E+00 0    0.00000E+00
  133 16 bO2*      bO2                 bO2       bO2                                        0.00000E+00 0    0.00000E+00
  134 15 gO2*      gO3                 gO2       gO2       gO                               0.00000E+00 0    0.00000E+00
  135 16 bO2*      bO3                 bO2       bO2       bO                               0.00000E+00 0    0.00000E+00
  136 15 gO*       gO*                 gO        gO                                         0.00000E+00 0    0.00000E+00
  137 16 bO*       bO*                 bO        bO                                         0.00000E+00 0    0.00000E+00
  138 16 bO*       bO                  bO2*                                                 0.00000E+00 0    0.00000E+00
  139 15 gO*       gO                  gO2*                                                 0.00000E+00 0    0.00000E+00
  140 15 gO*       gO2*                gO3*                                                 0.00000E+00 0    0.00000E+00
  141 16 bO*       bO2*                bO3*                                                 0.00000E+00 0    0.00000E+00
  142 15 gO*       gO2*                gO        gO2                                        0.00000E+00 0    0.00000E+00
  143 16 bO*       bO2*                bO        bO2                                        0.00000E+00 0    0.00000E+00
  144 15 gO*       gO3*                gO2       gO2                                        0.00000E+00 0    0.00000E+00
  145 16 bO*       bO3*                bO2       bO2                                        0.00000E+00 0    0.00000E+00
  146 15 gO2*      gO2*                gO2       gO2                                        0.00000E+00 0    0.00000E+00
  147 16 bO2*      bO2*                bO2       bO2                                        0.00000E+00 0    0.00000E+00
  148 15 gO2*      gO3*                gO2       gO2       gO                               0.00000E+00 0    0.00000E+00
  149 16 bO2*      bO3*                bO2       bO2       bO                               0.00000E+00 0    0.00000E+00
  150 15 gO3*      gO3*                gO2       gO2       gO2                              0.00000E+00 0    0.00000E+00
  151 16 bO3*      bO3*                bO2       bO2       bO2                              0.00000E+00 0    0.00000E+00
  152 15 gO        gO3*                gO2       gO2                                        0.00000E+00 0    0.00000E+00
  153 16 bO        bO3*                bO2       bO2                                        0.00000E+00 0    0.00000E+00
  154 15 gO2       gO3*                gO2       gO2       gO                               0.00000E+00 0    0.00000E+00
  155 16 bO2       bO3*                bO2       bO2       bO                               0.00000E+00 0    0.00000E+00
  156 14 bO        bO2                 bO3*                                                 0.00000E+00 0    1.90000E+02
  157 13 gO        gO2                 gO3*                                                 0.00000E+00 0    1.90000E+02
