 Species, Weight, Number of Atoms, Index, Gas twin index, Desorption energy
G-           0.0000E+00   0    1   1  0.0000E+00
G0           0.0000E+00   0    2   2  0.0000E+00
e-           0.0000E+00   0    3   3  0.0000E+00
O            1.5999E+01   1    4   4  1.6600E+03
O+           1.5999E+01   1    5   5  0.0000E+00
O-           1.5999E+01   1    6   6  0.0000E+00
O2           3.1999E+01   2    7   7  9.3000E+02
O2+          3.1999E+01   2    8   8  0.0000E+00
O2-          3.1999E+01   2    9   9  0.0000E+00
O3           4.7998E+01   3   10  10  1.8330E+03
O3+          4.7998E+01   3   11  11  0.0000E+00
O3-          4.7998E+01   3   12  12  0.0000E+00
ge-          0.0000E+00   0   13   3  0.0000E+00
gO           1.5999E+01   1   14   4  1.6600E+03
gO-          1.5999E+01   1   15   6  0.0000E+00
gO+          1.5999E+01   1   16   5  0.0000E+00
gO2          3.1999E+01   2   17   7  9.3000E+02
gO2+         3.1999E+01   2   18   8  0.0000E+00
gO2-         3.1999E+01   2   19   9  0.0000E+00
gO3          4.7998E+01   3   20  10  1.8330E+03
gO3+         4.7998E+01   3   21  11  0.0000E+00
gO3-         4.7998E+01   3   22  12  0.0000E+00
gO*          1.5999E+01   1   23   4  0.0000E+00
gO2*         3.1999E+01   2   24   7  0.0000E+00
gO3*         4.7998E+01   3   25  10  0.0000E+00
be-          0.0000E+00   0   26   3  0.0000E+00
bO           1.5999E+01   1   27   4  1.6600E+03
bO-          1.5999E+01   1   28   6  0.0000E+00
bO+          1.5999E+01   1   29   5  0.0000E+00
bO2          3.1999E+01   2   30   7  9.3000E+02
bO2+         3.1999E+01   2   31   8  0.0000E+00
bO2-         3.1999E+01   2   32   9  0.0000E+00
bO3          4.7998E+01   3   33  10  1.8330E+03
bO3+         4.7998E+01   3   34  11  0.0000E+00
bO3-         4.7998E+01   3   35  12  0.0000E+00
bO*          1.5999E+01   1   37   4  1.6600E+03
bO2*         3.1999E+01   2   40   7  9.3000E+02
bO3*         4.7998E+01   3   43  10  1.8330E+03
