 **** 17 gH2O      IONRAD              gOH*      gH*                                        0.00000E+00 0    2.57000E-01
 **** 17 gH2O      IONRAD              gO*       gH2*                                       0.00000E+00 0    2.57000E-01
 **** 17 gH2O      IONRAD              gH        gOH                                        0.00000E+00 0    1.58000E-01
 **** 17 gH2O      IONRAD              gO        gH2                                        0.00000E+00 0    1.58000E-01
 **** 17 gH2O      IONRAD              gH2O*                                                0.00000E+00 0    1.58000E-01
 **** 17 gO2       IONRAD              gO*       gO*                                        0.00000E+00 0    6.81000E+00
 **** 17 gO2       IONRAD              gO        gO                                         0.00000E+00 0    5.81000E+00
 **** 17 gO2       IONRAD              gO2*                                                 0.00000E+00 0    5.81000E+00
 **** 17 gO3       IONRAD              gO2*      gO*                                        0.00000E+00 0    5.57000E+01
 **** 17 gO3       IONRAD              gO2       gO                                         0.00000E+00 0    3.60000E+01
 **** 17 gO3       IONRAD              gO3*                                                 0.00000E+00 0    3.60000E+01
 **** 17 gCO       IONRAD              gO*       gC*                                        0.00000E+00 0    3.70000E+00
 **** 17 gCO       IONRAD              gO        gC                                         0.00000E+00 0    1.27000E+00
 **** 17 gCO       IONRAD              gCO*                                                 0.00000E+00 0    1.27000E+00
 **** 17 gCO2      IONRAD              gO*       gCO*                                       0.00000E+00 0    3.70000E+00
 **** 17 gCO2      IONRAD              gO        gCO                                        0.00000E+00 0    1.25000E+00
 **** 17 gCO2      IONRAD              gCO2*                                                0.00000E+00 0    1.25000E+00
 **** 17 gNO       IONRAD              gO*       gN*                                        0.00000E+00 0    3.70000E+00
 **** 17 gNO       IONRAD              gO        gN                                         0.00000E+00 0    1.92000E+00
 **** 17 gNO       IONRAD              gNO*                                                 0.00000E+00 0    1.92000E+00
 **** 17 gNO2      IONRAD              gO*       gNO*                                       0.00000E+00 0    3.70000E+00
 **** 17 gNO2      IONRAD              gO        gNO                                        0.00000E+00 0    1.21000E+00
 **** 17 gNO2      IONRAD              gNO2*                                                0.00000E+00 0    1.21000E+00
 **** 17 gHO2      IONRAD              gO*       gOH*                                       0.00000E+00 0    3.70000E+00
 **** 17 gHO2      IONRAD              gH*       gO2*                                       0.00000E+00 0    3.70000E+00
 **** 17 gHO2      IONRAD              gO        gOH                                        0.00000E+00 0    3.71000E+00
 **** 17 gHO2      IONRAD              gH        gO2                                        0.00000E+00 0    3.71000E+00
 **** 17 gHO2      IONRAD              gHO2*                                                0.00000E+00 0    3.71000E+00
 **** 17 gH2O2     IONRAD              gOH*      gOH*                                       0.00000E+00 0    5.10000E+01
 **** 17 gH2O2     IONRAD              gH*       gHO2*                                      0.00000E+00 0    5.10000E+01
 **** 17 gH2O2     IONRAD              gOH       gOH                                        0.00000E+00 0    4.13000E+01
 **** 17 gH2O2     IONRAD              gH        gHO2                                       0.00000E+00 0    4.13000E+01
 **** 17 gH2O2     IONRAD              gH2O2*                                               0.00000E+00 0    4.13000E+01
 **** 17 gNH3      IONRAD              gH*       gNH2*                                      0.00000E+00 0    3.70000E+00
 **** 17 gNH3      IONRAD              gNH*      gH2*                                       0.00000E+00 0    3.70000E+00
 **** 17 gNH3      IONRAD              gH        gNH2                                       0.00000E+00 0    2.72000E+00
 **** 17 gNH3      IONRAD              gNH3*                                                0.00000E+00 0    2.72000E+00
 **** 17 gCH4      IONRAD              gH*       gCH3*                                      0.00000E+00 0    3.70000E+00
 **** 17 gCH4      IONRAD              gH2       gCH2*                                      0.00000E+00 0    3.70000E+00
 **** 17 gCH4      IONRAD              gH        gCH3                                       0.00000E+00 0    1.50000E+00
 **** 17 gCH4      IONRAD              gCH4*                                                0.00000E+00 0    1.50000E+00
 **** 17 gH2CO     IONRAD              gH*       gHCO*                                      0.00000E+00 0    3.70000E+00
 **** 17 gH2CO     IONRAD              gH        gHCO                                       0.00000E+00 0    2.91000E+00
 **** 17 gH2CO     IONRAD              gH2CO*                                               0.00000E+00 0    2.91000E+00
 **** 17 gCH3OH    IONRAD              gOH*      gCH3*                                      0.00000E+00 0    3.70000E+00
 **** 17 gCH3OH    IONRAD              gH*       gCH3O*                                     0.00000E+00 0    3.70000E+00
 **** 17 gCH3OH    IONRAD              gH*       gCH2OH*                                    0.00000E+00 0    3.70000E+00
 **** 17 gCH3OH    IONRAD              gOH       gCH3                                       0.00000E+00 0    1.57000E+00
 **** 17 gCH3OH    IONRAD              gH        gCH3O                                      0.00000E+00 0    1.57000E+00
 **** 17 gCH3OH    IONRAD              gH        gCH2OH                                     0.00000E+00 0    1.57000E+00
 **** 17 gCH3OH    IONRAD              gCH3OH*                                              0.00000E+00 0    1.57000E+00
 **** 17 gH2S      IONRAD              gS*       gH*       gH*                              0.00000E+00 0    3.70000E+00
 **** 17 gH2S      IONRAD              gHS*      gH*                                        0.00000E+00 0    3.70000E+00
 **** 17 gH2S      IONRAD              gS        gH        gH                               0.00000E+00 0    2.56000E+00
 **** 17 gH2S      IONRAD              gHS       gH                                         0.00000E+00 0    2.56000E+00
 **** 17 gH2S      IONRAD              gH2S*                                                0.00000E+00 0    2.56000E+00
 **** 17 gH2S2     IONRAD              gH2*      gS2*                                       0.00000E+00 0    3.70000E+00
 **** 17 gH2S2     IONRAD              gHS*      gHS*                                       0.00000E+00 0    3.70000E+00
 **** 17 gH2S2     IONRAD              gS2H*     gH*                                        0.00000E+00 0    3.70000E+00
 **** 17 gH2S2     IONRAD              gH2       gS2                                        0.00000E+00 0    2.74000E+00
 **** 17 gH2S2     IONRAD              gHS       gHS                                        0.00000E+00 0    2.74000E+00
 **** 17 gH2S2     IONRAD              gS2H      gH                                         0.00000E+00 0    2.74000E+00
 **** 17 gH2S2     IONRAD              gH2S2*                                               0.00000E+00 0    2.74000E+00
 **** 17 gSO2      IONRAD              gSO*      gO*                                        0.00000E+00 0    3.70000E+00
 **** 17 gSO2      IONRAD              gS*       gO2*                                       0.00000E+00 0    3.70000E+00
 **** 17 gSO2      IONRAD              gSO       gO                                         0.00000E+00 0    1.91000E+00
 **** 17 gSO2      IONRAD              gS        gO2                                        0.00000E+00 0    1.91000E+00
 **** 17 gSO2      IONRAD              gSO2*                                                0.00000E+00 0    1.91000E+00
 **** 17 gHS       IONRAD              gH*       gS*                                        0.00000E+00 0    3.70000E+00
 **** 17 gHS       IONRAD              gH        gS                                         0.00000E+00 0    2.51000E+00
 **** 17 gHS       IONRAD              gHS*                                                 0.00000E+00 0    2.51000E+00
 **** 17 gOCS      IONRAD              gCS*      gO*                                        0.00000E+00 0    3.70000E+00
 **** 17 gOCS      IONRAD              gS*       gCO*                                       0.00000E+00 0    3.70000E+00
 **** 17 gOCS      IONRAD              gCS       gO                                         0.00000E+00 0    2.56000E+00
 **** 17 gOCS      IONRAD              gS        gCO                                        0.00000E+00 0    2.56000E+00
 **** 17 gOCS      IONRAD              gOCS*                                                0.00000E+00 0    2.56000E+00
 **** 17 gS2H      IONRAD              gH*       gS2*                                       0.00000E+00 0    3.70000E+00
 **** 17 gS2H      IONRAD              gH        gS2                                        0.00000E+00 0    6.40000E+00
 **** 17 gS2H      IONRAD              gS2H*                                                0.00000E+00 0    6.40000E+00
 **** 17 bH2O      IONRAD              bOH*      bH*                                        0.00000E+00 0    2.57000E-01
 **** 17 bH2O      IONRAD              bO*       bH2*                                       0.00000E+00 0    2.57000E-01
 **** 17 bH2O      IONRAD              bH        bOH                                        0.00000E+00 0    1.58000E-01
 **** 17 bH2O      IONRAD              bO        bH2                                        0.00000E+00 0    1.58000E-01
 **** 17 bH2O      IONRAD              bH2O*                                                0.00000E+00 0    1.58000E-01
 **** 17 bO2       IONRAD              bO*       bO*                                        0.00000E+00 0    6.81000E+00
 **** 17 bO2       IONRAD              bO        bO                                         0.00000E+00 0    5.81000E+00
 **** 17 bO2       IONRAD              bO2*                                                 0.00000E+00 0    5.81000E+00
 **** 17 bO3       IONRAD              bO2*      bO*                                        0.00000E+00 0    5.57000E+01
 **** 17 bO3       IONRAD              bO2       bO                                         0.00000E+00 0    3.60000E+01
 **** 17 bO3       IONRAD              bO3*                                                 0.00000E+00 0    3.60000E+01
 **** 17 bCO       IONRAD              bO*       bC*                                        0.00000E+00 0    3.70000E+00
 **** 17 bCO       IONRAD              bO        bC                                         0.00000E+00 0    1.27000E+00
 **** 17 bCO       IONRAD              bCO*                                                 0.00000E+00 0    1.27000E+00
 **** 17 bCO2      IONRAD              bO*       bCO*                                       0.00000E+00 0    3.70000E+00
 **** 17 bCO2      IONRAD              bO        bCO                                        0.00000E+00 0    1.25000E+00
 **** 17 bCO2      IONRAD              bCO2*                                                0.00000E+00 0    1.25000E+00
 **** 17 bNO       IONRAD              bO*       bN*                                        0.00000E+00 0    3.70000E+00
 **** 17 bNO       IONRAD              bO        bN                                         0.00000E+00 0    1.92000E+00
 **** 17 bNO       IONRAD              bNO*                                                 0.00000E+00 0    1.92000E+00
 **** 17 bNO2      IONRAD              bO*       bNO*                                       0.00000E+00 0    3.70000E+00
 **** 17 bNO2      IONRAD              bO        bNO                                        0.00000E+00 0    1.21000E+00
 **** 17 bNO2      IONRAD              bNO2*                                                0.00000E+00 0    1.21000E+00
 **** 17 bHO2      IONRAD              bO*       bOH*                                       0.00000E+00 0    3.70000E+00
 **** 17 bHO2      IONRAD              bH*       bO2*                                       0.00000E+00 0    3.70000E+00
 **** 17 bHO2      IONRAD              bH        bO2                                        0.00000E+00 0    3.71000E+00
 **** 17 bHO2      IONRAD              bO        bOH                                        0.00000E+00 0    3.71000E+00
 **** 17 bHO2      IONRAD              bHO2*                                                0.00000E+00 0    3.71000E+00
 **** 17 bH2O2     IONRAD              bOH*      bOH*                                       0.00000E+00 0    5.10000E+01
 **** 17 bH2O2     IONRAD              bH*       bHO2*                                      0.00000E+00 0    5.10000E+01
 **** 17 bH2O2     IONRAD              bOH       bOH                                        0.00000E+00 0    4.13000E+01
 **** 17 bH2O2     IONRAD              bH        bHO2                                       0.00000E+00 0    4.13000E+01
 **** 17 bH2O2     IONRAD              bH2O2*                                               0.00000E+00 0    4.13000E+01
 **** 17 bNH3      IONRAD              bH*       bNH2*                                      0.00000E+00 0    3.70000E+00
 **** 17 bNH3      IONRAD              bNH*      bH2*                                       0.00000E+00 0    3.70000E+00
 **** 17 bNH3      IONRAD              bH        bNH2                                       0.00000E+00 0    2.72000E+00
 **** 17 bNH3      IONRAD              bNH3*                                                0.00000E+00 0    2.72000E+00
 **** 17 bCH4      IONRAD              bH*       bCH3*                                      0.00000E+00 0    3.70000E+00
 **** 17 bCH4      IONRAD              bH2       bCH2*                                      0.00000E+00 0    3.70000E+00
 **** 17 bCH4      IONRAD              bH        bCH3                                       0.00000E+00 0    1.50000E+00
 **** 17 bCH4      IONRAD              bCH4*                                                0.00000E+00 0    1.50000E+00
 **** 17 bH2CO     IONRAD              bH*       bHCO*                                      0.00000E+00 0    3.70000E+00
 **** 17 bH2CO     IONRAD              bH        bHCO                                       0.00000E+00 0    2.91000E+00
 **** 17 bH2CO     IONRAD              bH2CO*                                               0.00000E+00 0    2.91000E+00
 **** 17 bCH3OH    IONRAD              bOH*      bCH3*                                      0.00000E+00 0    3.70000E+00
 **** 17 bCH3OH    IONRAD              bH*       bCH3O*                                     0.00000E+00 0    3.70000E+00
 **** 17 bCH3OH    IONRAD              bH*       bCH2OH*                                    0.00000E+00 0    3.70000E+00
 **** 17 bCH3OH    IONRAD              bOH       bCH3                                       0.00000E+00 0    1.57000E+00
 **** 17 bCH3OH    IONRAD              bH        bCH3O                                      0.00000E+00 0    1.57000E+00
 **** 17 bCH3OH    IONRAD              bH        bCH2OH                                     0.00000E+00 0    1.57000E+00
 **** 17 bCH3OH    IONRAD              bCH3OH*                                              0.00000E+00 0    1.57000E+00
 **** 17 bH2S      IONRAD              bS*       bH*       bH*                              0.00000E+00 0    3.70000E+00
 **** 17 bH2S      IONRAD              bHS*      bH*                                        0.00000E+00 0    3.70000E+00
 **** 17 bH2S      IONRAD              bS        bH        bH                               0.00000E+00 0    2.56000E+00
 **** 17 bH2S      IONRAD              bHS       bH                                         0.00000E+00 0    2.56000E+00
 **** 17 bH2S      IONRAD              bH2S*                                                0.00000E+00 0    2.56000E+00
 **** 17 bH2S2     IONRAD              bH2*      bS2*                                       0.00000E+00 0    3.70000E+00
 **** 17 bH2S2     IONRAD              bHS*      bHS*                                       0.00000E+00 0    3.70000E+00
 **** 17 bH2S2     IONRAD              bS2H*     bH*                                        0.00000E+00 0    3.70000E+00
 **** 17 bH2S2     IONRAD              bH2       bS2                                        0.00000E+00 0    2.74000E+00
 **** 17 bH2S2     IONRAD              bHS       bHS                                        0.00000E+00 0    2.74000E+00
 **** 17 bH2S2     IONRAD              bS2H      bH                                         0.00000E+00 0    2.74000E+00
 **** 17 bH2S2     IONRAD              bH2S2*                                               0.00000E+00 0    2.74000E+00
 **** 17 bSO2      IONRAD              bSO*      bO*                                        0.00000E+00 0    3.70000E+00
 **** 17 bSO2      IONRAD              bS*       bO2*                                       0.00000E+00 0    3.70000E+00
 **** 17 bSO2      IONRAD              bSO       bO                                         0.00000E+00 0    1.91000E+00
 **** 17 bSO2      IONRAD              bS        bO2                                        0.00000E+00 0    1.91000E+00
 **** 17 bSO2      IONRAD              bSO2*                                                0.00000E+00 0    1.91000E+00
 **** 17 bHS       IONRAD              bH*       bS*                                        0.00000E+00 0    3.70000E+00
 **** 17 bHS       IONRAD              bH        bS                                         0.00000E+00 0    2.51000E+00
 **** 17 bHS       IONRAD              bHS*                                                 0.00000E+00 0    2.51000E+00
 **** 17 bOCS      IONRAD              bCS*      bO*                                        0.00000E+00 0    3.70000E+00
 **** 17 bOCS      IONRAD              bS*       bCO*                                       0.00000E+00 0    3.70000E+00
 **** 17 bOCS      IONRAD              bCS       bO                                         0.00000E+00 0    2.56000E+00
 **** 17 bOCS      IONRAD              bS        bCO                                        0.00000E+00 0    2.56000E+00
 **** 17 bOCS      IONRAD              bOCS*                                                0.00000E+00 0    2.56000E+00
 **** 17 bS2H      IONRAD              bH*       bS2*                                       0.00000E+00 0    3.70000E+00
 **** 17 bS2H      IONRAD              bH        bS2                                        0.00000E+00 0    6.40000E+00
 **** 17 bS2H      IONRAD              bS2H*                                                0.00000E+00 0    6.40000E+00
 **** 17 gSO3      IONRAD              gSO2*     gO*                                        0.00000E+00 0    3.70000E+01
 **** 17 bSO3      IONRAD              bSO2*     bO*                                        0.00000E+00 0    3.70000E+01
 **** 17 gSO3      IONRAD              gSO*      gO2*                                       0.00000E+00 0    3.70000E+01
 **** 17 bSO3      IONRAD              bSO*      bO2*                                       0.00000E+00 0    3.70000E+01
 **** 17 gSO3      IONRAD              gSO2      gO                                         0.00000E+00 0    2.39000E+01
 **** 17 bSO3      IONRAD              bSO2      bO                                         0.00000E+00 0    2.39000E+01
 **** 17 gSO3      IONRAD              gSO       gO2                                        0.00000E+00 0    2.39000E+01
 **** 17 bSO3      IONRAD              bSO       bO2                                        0.00000E+00 0    2.39000E+01
 **** 17 gSO3      IONRAD              gSO3*                                                0.00000E+00 0    2.39000E+01
 **** 17 bSO3      IONRAD              bSO3*                                                0.00000E+00 0    2.39000E+01
 **** 17 gSO       IONRAD              gS*       gO*                                        0.00000E+00 0    3.70000E+00
 **** 17 gSO       IONRAD              gS        gO                                         0.00000E+00 0    5.51000E+00
 **** 17 gSO       IONRAD              gSO*                                                 0.00000E+00 0    5.51000E+00
 **** 17 bSO       IONRAD              bS*       bO*                                        0.00000E+00 0    3.70000E+00
 **** 17 bSO       IONRAD              bS        bO                                         0.00000E+00 0    5.51000E+00
 **** 17 bSO       IONRAD              bSO*                                                 0.00000E+00 0    5.51000E+00
 **** 17 bS        IONRAD              bS*                                                  0.00000E+00 0    3.70000E+00
 **** 17 bS        IONRAD              bS*                                                  0.00000E+00 0    2.91000E+00
 **** 17 gS        IONRAD              gS*                                                  0.00000E+00 0    3.70000E+00
 **** 17 gS        IONRAD              gS*                                                  0.00000E+00 0    2.91000E+00
 **** 17 bO        IONRAD              bO*                                                  0.00000E+00 0    3.70000E+00
 **** 17 bO        IONRAD              bO*                                                  0.00000E+00 0    1.93000E+00
 **** 17 gO        IONRAD              gO*                                                  0.00000E+00 0    3.70000E+00
 **** 17 gO        IONRAD              gO*                                                  0.00000E+00 0    1.93000E+00
 **** 17 gH2       IONRAD              gH*       gH*                                        0.00000E+00 0    3.70000E+01
 **** 17 bH2       IONRAD              bH*       bH*                                        0.00000E+00 0    3.70000E+01
 **** 17 gH2       IONRAD              gH        gH                                         0.00000E+00 0    2.04000E+01
 **** 17 bH2       IONRAD              bH        bH                                         0.00000E+00 0    2.04000E+01
 **** 17 gH2       IONRAD              gH2*                                                 0.00000E+00 0    2.04000E+01
 **** 17 bH2       IONRAD              bH2*                                                 0.00000E+00 0    2.04000E+01
 **** 17 gOH       IONRAD              gO*       gH*                                        0.00000E+00 0    3.70000E+00
 **** 17 bOH       IONRAD              bO*       bH*                                        0.00000E+00 0    3.70000E+00
 **** 17 gOH       IONRAD              gO        gH                                         0.00000E+00 0    5.66000E+00
 **** 17 bOH       IONRAD              bO        bH                                         0.00000E+00 0    5.66000E+00
 **** 17 gOH       IONRAD              gOH*                                                 0.00000E+00 0    5.66000E+00
 **** 17 bOH       IONRAD              bOH*                                                 0.00000E+00 0    5.66000E+00
 **** 17 gHO3      IONRAD              gO2*      gOH*                                       0.00000E+00 0    3.70000E+00
 **** 17 bHO3      IONRAD              bO2*      bOH*                                       0.00000E+00 0    3.70000E+00
 **** 17 gHO3      IONRAD              gO2       gOH                                        0.00000E+00 0    3.70000E+00
 **** 17 bHO3      IONRAD              bO2       bOH                                        0.00000E+00 0    3.70000E+00
 **** 17 gHO3      IONRAD              gHO3*                                                0.00000E+00 0    3.70000E+00
